Drawing #1:
{ #vertices = 9, #edges = 32, #halfedges = 136, #crossings = 18
	0 : 1(x5-8x2-8) 2(x5-8x5-1) 5 7(x3-5x6-5) 6(x3-5x3-7) 3 4(x8-3x1-3) 8 
	1 : 0(x8-2x8-5) 8 3(x4-8x4-0) 4 6(x2-4x7-4) 7(x2-4x2-6) 2 5(x8-2x0-2) 
	2 : 0(x1-5x8-5) 8(x1-5x1-0) 1 4(x7-1x6-1) 6(x7-1x7-4) 7 5 
	3 : 0 5(x6-0x7-0) 7(x6-0x6-5) 6 4 1(x0-4x8-4) 8(x0-4) 
	4 : 0(x3-1x3-8) 3 6 7(x1-6x2-6) 2(x1-6x1-7) 1 8(x3-1) 
	5 : 0 8(x2-0x1-0) 1(x2-0x2-8) 2 7 6(x0-7x3-7) 3(x0-7x0-6) 
	6 : 0(x7-3x5-3) 5(x7-3x7-0) 7 2(x4-7x1-7) 1(x4-7x4-2) 4 3 
	7 : 0(x5-6x5-3) 5 2 1(x6-2x4-2) 4(x6-2x6-1) 6 3(x5-6x0-6) 
	8 : 0 3(x4-0) 4(x1-3) 1 2(x0-1x5-1) 5(x0-1x0-2) 
}
Drawing #2:
{ #vertices = 9, #edges = 32, #halfedges = 136, #crossings = 18
	0 : 1(x8-3x8-4) 8 2(x5-8x5-1) 5 7(x3-5x6-5) 6(x3-5x3-7) 3 4(x8-3x1-3) 
	1 : 0(x4-8x3-8) 3(x4-8x4-0) 4 6(x2-4x7-4) 7(x2-4x2-6) 2 5(x8-2x0-2) 8 
	2 : 0(x1-5x8-5) 8(x1-5) 1 4(x7-1x6-1) 6(x7-1x7-4) 7 5 
	3 : 0 5(x6-0x7-0) 7(x6-0x6-5) 6 4 1(x0-4x8-4) 8(x0-4x0-1) 
	4 : 0(x3-1x3-8) 3 6 7(x1-6x2-6) 2(x1-6x1-7) 1 8(x3-1x0-1) 
	5 : 0 8(x2-0) 1(x2-0x2-8) 2 7 6(x0-7x3-7) 3(x0-7x0-6) 
	6 : 0(x7-3x5-3) 5(x7-3x7-0) 7 2(x4-7x1-7) 1(x4-7x4-2) 4 3 
	7 : 0(x5-6x5-3) 5 2 1(x6-2x4-2) 4(x6-2x6-1) 6 3(x5-6x0-6) 
	8 : 0 3(x1-0x4-0) 4(x1-0x1-3) 1 2(x5-1) 5(x0-2) 
}
Drawing #3:
{ #vertices = 9, #edges = 32, #halfedges = 136, #crossings = 18
	0 : 1(x5-8x2-8) 2(x5-8x5-1) 5 6(x3-5x7-5) 7(x3-5x3-6) 3 4(x8-3x1-3) 8 
	1 : 0(x8-2x8-5) 8 3(x4-8x4-0) 4 7(x2-4x6-4) 6(x2-4x2-7) 2 5(x8-2x0-2) 
	2 : 0(x1-5x8-5) 8(x1-5x1-0) 1 4(x6-1x7-1) 7(x6-1x6-4) 6 5 
	3 : 0 5(x7-0x6-0) 6(x7-0x7-5) 7 4 1(x0-4x8-4) 8(x0-4) 
	4 : 0(x3-1x3-8) 3 7 6(x1-7x2-7) 2(x1-7x1-6) 1 8(x3-1) 
	5 : 0 8(x2-0x1-0) 1(x2-0x2-8) 2 6 7(x0-6x3-6) 3(x0-6x0-7) 
	6 : 0(x5-7x5-3) 5 2 1(x7-2x4-2) 4(x7-2x7-1) 7 3(x5-7x0-7) 
	7 : 0(x6-3x5-3) 5(x6-3x6-0) 6 2(x4-6x1-6) 1(x4-6x4-2) 4 3 
	8 : 0 3(x4-0) 4(x1-3) 1 2(x0-1x5-1) 5(x0-1x0-2) 
}
Drawing #4:
{ #vertices = 9, #edges = 32, #halfedges = 136, #crossings = 18
	0 : 1(x8-3x8-4) 8 2(x5-8x5-1) 5 6(x3-5x7-5) 7(x3-5x3-6) 3 4(x8-3x1-3) 
	1 : 0(x4-8x3-8) 3(x4-8x4-0) 4 7(x2-4x6-4) 6(x2-4x2-7) 2 5(x8-2x0-2) 8 
	2 : 0(x1-5x8-5) 8(x1-5) 1 4(x6-1x7-1) 7(x6-1x6-4) 6 5 
	3 : 0 5(x7-0x6-0) 6(x7-0x7-5) 7 4 1(x0-4x8-4) 8(x0-4x0-1) 
	4 : 0(x3-1x3-8) 3 7 6(x1-7x2-7) 2(x1-7x1-6) 1 8(x3-1x0-1) 
	5 : 0 8(x2-0) 1(x2-0x2-8) 2 6 7(x0-6x3-6) 3(x0-6x0-7) 
	6 : 0(x5-7x5-3) 5 2 1(x7-2x4-2) 4(x7-2x7-1) 7 3(x5-7x0-7) 
	7 : 0(x6-3x5-3) 5(x6-3x6-0) 6 2(x4-6x1-6) 1(x4-6x4-2) 4 3 
	8 : 0 3(x1-0x4-0) 4(x1-0x1-3) 1 2(x5-1) 5(x0-2) 
}
Drawing #5:
{ #vertices = 9, #edges = 32, #halfedges = 136, #crossings = 18
	0 : 1(x2-8x4-8) 4(x2-8x2-1) 2 7(x5-2x6-2) 6(x5-2x5-7) 5 3(x8-5x1-5) 8 
	1 : 0(x8-4x8-2) 8 5(x3-8x3-0) 3 6(x4-3x7-3) 7(x4-3x4-6) 4 2(x8-4x0-4) 
	2 : 0 8(x4-0x1-0) 1(x4-0x4-8) 4 7 6(x0-7x5-7) 5(x0-7x0-6) 
	3 : 0(x5-1x5-8) 5 6 7(x1-6x4-6) 4(x1-6x1-7) 1 8(x5-1) 
	4 : 0(x1-2x8-2) 8(x1-2x1-0) 1 3(x7-1x6-1) 6(x7-1x7-3) 7 2 
	5 : 0 2(x6-0x7-0) 7(x6-0x6-2) 6 3 1(x0-3x8-3) 8(x0-3) 
	6 : 0(x7-5x2-5) 2(x7-5x7-0) 7 4(x3-7x1-7) 1(x3-7x3-4) 3 5 
	7 : 0(x2-6x2-5) 2 4 1(x6-4x3-4) 3(x6-4x6-1) 6 5(x2-6x0-6) 
	8 : 0 5(x3-0) 3(x1-5) 1 4(x0-1x2-1) 2(x0-1x0-4) 
}
Drawing #6:
{ #vertices = 9, #edges = 32, #halfedges = 136, #crossings = 18
	0 : 1(x8-5x8-3) 8 4(x2-8x2-1) 2 7(x5-2x6-2) 6(x5-2x5-7) 5 3(x8-5x1-5) 
	1 : 0(x3-8x5-8) 5(x3-8x3-0) 3 6(x4-3x7-3) 7(x4-3x4-6) 4 2(x8-4x0-4) 8 
	2 : 0 8(x4-0) 1(x4-0x4-8) 4 7 6(x0-7x5-7) 5(x0-7x0-6) 
	3 : 0(x5-1x5-8) 5 6 7(x1-6x4-6) 4(x1-6x1-7) 1 8(x5-1x0-1) 
	4 : 0(x1-2x8-2) 8(x1-2) 1 3(x7-1x6-1) 6(x7-1x7-3) 7 2 
	5 : 0 2(x6-0x7-0) 7(x6-0x6-2) 6 3 1(x0-3x8-3) 8(x0-3x0-1) 
	6 : 0(x7-5x2-5) 2(x7-5x7-0) 7 4(x3-7x1-7) 1(x3-7x3-4) 3 5 
	7 : 0(x2-6x2-5) 2 4 1(x6-4x3-4) 3(x6-4x6-1) 6 5(x2-6x0-6) 
	8 : 0 5(x1-0x3-0) 3(x1-0x1-5) 1 4(x2-1) 2(x0-4) 
}
Drawing #7:
{ #vertices = 9, #edges = 32, #halfedges = 136, #crossings = 18
	0 : 1(x2-8x4-8) 4(x2-8x2-1) 2 6(x5-2x7-2) 7(x5-2x5-6) 5 3(x8-5x1-5) 8 
	1 : 0(x8-4x8-2) 8 5(x3-8x3-0) 3 7(x4-3x6-3) 6(x4-3x4-7) 4 2(x8-4x0-4) 
	2 : 0 8(x4-0x1-0) 1(x4-0x4-8) 4 6 7(x0-6x5-6) 5(x0-6x0-7) 
	3 : 0(x5-1x5-8) 5 7 6(x1-7x4-7) 4(x1-7x1-6) 1 8(x5-1) 
	4 : 0(x1-2x8-2) 8(x1-2x1-0) 1 3(x6-1x7-1) 7(x6-1x6-3) 6 2 
	5 : 0 2(x7-0x6-0) 6(x7-0x7-2) 7 3 1(x0-3x8-3) 8(x0-3) 
	6 : 0(x2-7x2-5) 2 4 1(x7-4x3-4) 3(x7-4x7-1) 7 5(x2-7x0-7) 
	7 : 0(x6-5x2-5) 2(x6-5x6-0) 6 4(x3-6x1-6) 1(x3-6x3-4) 3 5 
	8 : 0 5(x3-0) 3(x1-5) 1 4(x0-1x2-1) 2(x0-1x0-4) 
}
Drawing #8:
{ #vertices = 9, #edges = 32, #halfedges = 136, #crossings = 18
	0 : 1(x8-5x8-3) 8 4(x2-8x2-1) 2 6(x5-2x7-2) 7(x5-2x5-6) 5 3(x8-5x1-5) 
	1 : 0(x3-8x5-8) 5(x3-8x3-0) 3 7(x4-3x6-3) 6(x4-3x4-7) 4 2(x8-4x0-4) 8 
	2 : 0 8(x4-0) 1(x4-0x4-8) 4 6 7(x0-6x5-6) 5(x0-6x0-7) 
	3 : 0(x5-1x5-8) 5 7 6(x1-7x4-7) 4(x1-7x1-6) 1 8(x5-1x0-1) 
	4 : 0(x1-2x8-2) 8(x1-2) 1 3(x6-1x7-1) 7(x6-1x6-3) 6 2 
	5 : 0 2(x7-0x6-0) 6(x7-0x7-2) 7 3 1(x0-3x8-3) 8(x0-3x0-1) 
	6 : 0(x2-7x2-5) 2 4 1(x7-4x3-4) 3(x7-4x7-1) 7 5(x2-7x0-7) 
	7 : 0(x6-5x2-5) 2(x6-5x6-0) 6 4(x3-6x1-6) 1(x3-6x3-4) 3 5 
	8 : 0 5(x1-0x3-0) 3(x1-0x1-5) 1 4(x2-1) 2(x0-4) 
}
Drawing #9:
{ #vertices = 9, #edges = 32, #halfedges = 136, #crossings = 18
	0 : 1(x4-8x2-8) 2(x4-8x4-1) 4 7(x3-4x6-4) 6(x3-4x3-7) 3 5(x8-3x1-3) 8 
	1 : 0(x8-2x8-4) 8 3(x5-8x5-0) 5 6(x2-5x7-5) 7(x2-5x2-6) 2 4(x8-2x0-2) 
	2 : 0(x1-4x8-4) 8(x1-4x1-0) 1 5(x7-1x6-1) 6(x7-1x7-5) 7 4 
	3 : 0 4(x6-0x7-0) 7(x6-0x6-4) 6 5 1(x0-5x8-5) 8(x0-5) 
	4 : 0 8(x2-0x1-0) 1(x2-0x2-8) 2 7 6(x0-7x3-7) 3(x0-7x0-6) 
	5 : 0(x3-1x3-8) 3 6 7(x1-6x2-6) 2(x1-6x1-7) 1 8(x3-1) 
	6 : 0(x7-3x4-3) 4(x7-3x7-0) 7 2(x5-7x1-7) 1(x5-7x5-2) 5 3 
	7 : 0(x4-6x4-3) 4 2 1(x6-2x5-2) 5(x6-2x6-1) 6 3(x4-6x0-6) 
	8 : 0 3(x5-0) 5(x1-3) 1 2(x0-1x4-1) 4(x0-1x0-2) 
}
Drawing #10:
{ #vertices = 9, #edges = 32, #halfedges = 136, #crossings = 18
	0 : 1(x8-3x8-5) 8 2(x4-8x4-1) 4 7(x3-4x6-4) 6(x3-4x3-7) 3 5(x8-3x1-3) 
	1 : 0(x5-8x3-8) 3(x5-8x5-0) 5 6(x2-5x7-5) 7(x2-5x2-6) 2 4(x8-2x0-2) 8 
	2 : 0(x1-4x8-4) 8(x1-4) 1 5(x7-1x6-1) 6(x7-1x7-5) 7 4 
	3 : 0 4(x6-0x7-0) 7(x6-0x6-4) 6 5 1(x0-5x8-5) 8(x0-5x0-1) 
	4 : 0 8(x2-0) 1(x2-0x2-8) 2 7 6(x0-7x3-7) 3(x0-7x0-6) 
	5 : 0(x3-1x3-8) 3 6 7(x1-6x2-6) 2(x1-6x1-7) 1 8(x3-1x0-1) 
	6 : 0(x7-3x4-3) 4(x7-3x7-0) 7 2(x5-7x1-7) 1(x5-7x5-2) 5 3 
	7 : 0(x4-6x4-3) 4 2 1(x6-2x5-2) 5(x6-2x6-1) 6 3(x4-6x0-6) 
	8 : 0 3(x1-0x5-0) 5(x1-0x1-3) 1 2(x4-1) 4(x0-2) 
}
Drawing #11:
{ #vertices = 9, #edges = 32, #halfedges = 136, #crossings = 18
	0 : 1(x4-8x2-8) 2(x4-8x4-1) 4 6(x3-4x7-4) 7(x3-4x3-6) 3 5(x8-3x1-3) 8 
	1 : 0(x8-2x8-4) 8 3(x5-8x5-0) 5 7(x2-5x6-5) 6(x2-5x2-7) 2 4(x8-2x0-2) 
	2 : 0(x1-4x8-4) 8(x1-4x1-0) 1 5(x6-1x7-1) 7(x6-1x6-5) 6 4 
	3 : 0 4(x7-0x6-0) 6(x7-0x7-4) 7 5 1(x0-5x8-5) 8(x0-5) 
	4 : 0 8(x2-0x1-0) 1(x2-0x2-8) 2 6 7(x0-6x3-6) 3(x0-6x0-7) 
	5 : 0(x3-1x3-8) 3 7 6(x1-7x2-7) 2(x1-7x1-6) 1 8(x3-1) 
	6 : 0(x4-7x4-3) 4 2 1(x7-2x5-2) 5(x7-2x7-1) 7 3(x4-7x0-7) 
	7 : 0(x6-3x4-3) 4(x6-3x6-0) 6 2(x5-6x1-6) 1(x5-6x5-2) 5 3 
	8 : 0 3(x5-0) 5(x1-3) 1 2(x0-1x4-1) 4(x0-1x0-2) 
}
Drawing #12:
{ #vertices = 9, #edges = 32, #halfedges = 136, #crossings = 18
	0 : 1(x8-3x8-5) 8 2(x4-8x4-1) 4 6(x3-4x7-4) 7(x3-4x3-6) 3 5(x8-3x1-3) 
	1 : 0(x5-8x3-8) 3(x5-8x5-0) 5 7(x2-5x6-5) 6(x2-5x2-7) 2 4(x8-2x0-2) 8 
	2 : 0(x1-4x8-4) 8(x1-4) 1 5(x6-1x7-1) 7(x6-1x6-5) 6 4 
	3 : 0 4(x7-0x6-0) 6(x7-0x7-4) 7 5 1(x0-5x8-5) 8(x0-5x0-1) 
	4 : 0 8(x2-0) 1(x2-0x2-8) 2 6 7(x0-6x3-6) 3(x0-6x0-7) 
	5 : 0(x3-1x3-8) 3 7 6(x1-7x2-7) 2(x1-7x1-6) 1 8(x3-1x0-1) 
	6 : 0(x4-7x4-3) 4 2 1(x7-2x5-2) 5(x7-2x7-1) 7 3(x4-7x0-7) 
	7 : 0(x6-3x4-3) 4(x6-3x6-0) 6 2(x5-6x1-6) 1(x5-6x5-2) 5 3 
	8 : 0 3(x1-0x5-0) 5(x1-0x1-3) 1 2(x4-1) 4(x0-2) 
}
Drawing #13:
{ #vertices = 9, #edges = 32, #halfedges = 136, #crossings = 18
	0 : 1(x2-8x5-8) 5(x2-8x2-1) 2 7(x4-2x6-2) 6(x4-2x4-7) 4 3(x8-4x1-4) 8 
	1 : 0(x8-5x8-2) 8 4(x3-8x3-0) 3 6(x5-3x7-3) 7(x5-3x5-6) 5 2(x8-5x0-5) 
	2 : 0 8(x5-0x1-0) 1(x5-0x5-8) 5 7 6(x0-7x4-7) 4(x0-7x0-6) 
	3 : 0(x4-1x4-8) 4 6 7(x1-6x5-6) 5(x1-6x1-7) 1 8(x4-1) 
	4 : 0 2(x6-0x7-0) 7(x6-0x6-2) 6 3 1(x0-3x8-3) 8(x0-3) 
	5 : 0(x1-2x8-2) 8(x1-2x1-0) 1 3(x7-1x6-1) 6(x7-1x7-3) 7 2 
	6 : 0(x7-4x2-4) 2(x7-4x7-0) 7 5(x3-7x1-7) 1(x3-7x3-5) 3 4 
	7 : 0(x2-6x2-4) 2 5 1(x6-5x3-5) 3(x6-5x6-1) 6 4(x2-6x0-6) 
	8 : 0 4(x3-0) 3(x1-4) 1 5(x0-1x2-1) 2(x0-1x0-5) 
}
Drawing #14:
{ #vertices = 9, #edges = 32, #halfedges = 136, #crossings = 18
	0 : 1(x8-4x8-3) 8 5(x2-8x2-1) 2 7(x4-2x6-2) 6(x4-2x4-7) 4 3(x8-4x1-4) 
	1 : 0(x3-8x4-8) 4(x3-8x3-0) 3 6(x5-3x7-3) 7(x5-3x5-6) 5 2(x8-5x0-5) 8 
	2 : 0 8(x5-0) 1(x5-0x5-8) 5 7 6(x0-7x4-7) 4(x0-7x0-6) 
	3 : 0(x4-1x4-8) 4 6 7(x1-6x5-6) 5(x1-6x1-7) 1 8(x4-1x0-1) 
	4 : 0 2(x6-0x7-0) 7(x6-0x6-2) 6 3 1(x0-3x8-3) 8(x0-3x0-1) 
	5 : 0(x1-2x8-2) 8(x1-2) 1 3(x7-1x6-1) 6(x7-1x7-3) 7 2 
	6 : 0(x7-4x2-4) 2(x7-4x7-0) 7 5(x3-7x1-7) 1(x3-7x3-5) 3 4 
	7 : 0(x2-6x2-4) 2 5 1(x6-5x3-5) 3(x6-5x6-1) 6 4(x2-6x0-6) 
	8 : 0 4(x1-0x3-0) 3(x1-0x1-4) 1 5(x2-1) 2(x0-5) 
}
Drawing #15:
{ #vertices = 9, #edges = 32, #halfedges = 136, #crossings = 18
	0 : 1(x2-8x5-8) 5(x2-8x2-1) 2 6(x4-2x7-2) 7(x4-2x4-6) 4 3(x8-4x1-4) 8 
	1 : 0(x8-5x8-2) 8 4(x3-8x3-0) 3 7(x5-3x6-3) 6(x5-3x5-7) 5 2(x8-5x0-5) 
	2 : 0 8(x5-0x1-0) 1(x5-0x5-8) 5 6 7(x0-6x4-6) 4(x0-6x0-7) 
	3 : 0(x4-1x4-8) 4 7 6(x1-7x5-7) 5(x1-7x1-6) 1 8(x4-1) 
	4 : 0 2(x7-0x6-0) 6(x7-0x7-2) 7 3 1(x0-3x8-3) 8(x0-3) 
	5 : 0(x1-2x8-2) 8(x1-2x1-0) 1 3(x6-1x7-1) 7(x6-1x6-3) 6 2 
	6 : 0(x2-7x2-4) 2 5 1(x7-5x3-5) 3(x7-5x7-1) 7 4(x2-7x0-7) 
	7 : 0(x6-4x2-4) 2(x6-4x6-0) 6 5(x3-6x1-6) 1(x3-6x3-5) 3 4 
	8 : 0 4(x3-0) 3(x1-4) 1 5(x0-1x2-1) 2(x0-1x0-5) 
}
Drawing #16:
{ #vertices = 9, #edges = 32, #halfedges = 136, #crossings = 18
	0 : 1(x8-4x8-3) 8 5(x2-8x2-1) 2 6(x4-2x7-2) 7(x4-2x4-6) 4 3(x8-4x1-4) 
	1 : 0(x3-8x4-8) 4(x3-8x3-0) 3 7(x5-3x6-3) 6(x5-3x5-7) 5 2(x8-5x0-5) 8 
	2 : 0 8(x5-0) 1(x5-0x5-8) 5 6 7(x0-6x4-6) 4(x0-6x0-7) 
	3 : 0(x4-1x4-8) 4 7 6(x1-7x5-7) 5(x1-7x1-6) 1 8(x4-1x0-1) 
	4 : 0 2(x7-0x6-0) 6(x7-0x7-2) 7 3 1(x0-3x8-3) 8(x0-3x0-1) 
	5 : 0(x1-2x8-2) 8(x1-2) 1 3(x6-1x7-1) 7(x6-1x6-3) 6 2 
	6 : 0(x2-7x2-4) 2 5 1(x7-5x3-5) 3(x7-5x7-1) 7 4(x2-7x0-7) 
	7 : 0(x6-4x2-4) 2(x6-4x6-0) 6 5(x3-6x1-6) 1(x3-6x3-5) 3 4 
	8 : 0 4(x1-0x3-0) 3(x1-0x1-4) 1 5(x2-1) 2(x0-5) 
}
Drawing #17:
{ #vertices = 9, #edges = 32, #halfedges = 136, #crossings = 18
	0 : 1(x5-8x3-8) 3(x5-8x5-1) 5 7(x2-5x6-5) 6(x2-5x2-7) 2 4(x8-2x1-2) 8 
	1 : 0(x8-3x8-5) 8 2(x4-8x4-0) 4 6(x3-4x7-4) 7(x3-4x3-6) 3 5(x8-3x0-3) 
	2 : 0 5(x6-0x7-0) 7(x6-0x6-5) 6 4 1(x0-4x8-4) 8(x0-4) 
	3 : 0(x1-5x8-5) 8(x1-5x1-0) 1 4(x7-1x6-1) 6(x7-1x7-4) 7 5 
	4 : 0(x2-1x2-8) 2 6 7(x1-6x3-6) 3(x1-6x1-7) 1 8(x2-1) 
	5 : 0 8(x3-0x1-0) 1(x3-0x3-8) 3 7 6(x0-7x2-7) 2(x0-7x0-6) 
	6 : 0(x7-2x5-2) 5(x7-2x7-0) 7 3(x4-7x1-7) 1(x4-7x4-3) 4 2 
	7 : 0(x5-6x5-2) 5 3 1(x6-3x4-3) 4(x6-3x6-1) 6 2(x5-6x0-6) 
	8 : 0 2(x4-0) 4(x1-2) 1 3(x0-1x5-1) 5(x0-1x0-3) 
}
Drawing #18:
{ #vertices = 9, #edges = 32, #halfedges = 136, #crossings = 18
	0 : 1(x8-2x8-4) 8 3(x5-8x5-1) 5 7(x2-5x6-5) 6(x2-5x2-7) 2 4(x8-2x1-2) 
	1 : 0(x4-8x2-8) 2(x4-8x4-0) 4 6(x3-4x7-4) 7(x3-4x3-6) 3 5(x8-3x0-3) 8 
	2 : 0 5(x6-0x7-0) 7(x6-0x6-5) 6 4 1(x0-4x8-4) 8(x0-4x0-1) 
	3 : 0(x1-5x8-5) 8(x1-5) 1 4(x7-1x6-1) 6(x7-1x7-4) 7 5 
	4 : 0(x2-1x2-8) 2 6 7(x1-6x3-6) 3(x1-6x1-7) 1 8(x2-1x0-1) 
	5 : 0 8(x3-0) 1(x3-0x3-8) 3 7 6(x0-7x2-7) 2(x0-7x0-6) 
	6 : 0(x7-2x5-2) 5(x7-2x7-0) 7 3(x4-7x1-7) 1(x4-7x4-3) 4 2 
	7 : 0(x5-6x5-2) 5 3 1(x6-3x4-3) 4(x6-3x6-1) 6 2(x5-6x0-6) 
	8 : 0 2(x1-0x4-0) 4(x1-0x1-2) 1 3(x5-1) 5(x0-3) 
}
Drawing #19:
{ #vertices = 9, #edges = 32, #halfedges = 136, #crossings = 18
	0 : 1(x5-8x3-8) 3(x5-8x5-1) 5 6(x2-5x7-5) 7(x2-5x2-6) 2 4(x8-2x1-2) 8 
	1 : 0(x8-3x8-5) 8 2(x4-8x4-0) 4 7(x3-4x6-4) 6(x3-4x3-7) 3 5(x8-3x0-3) 
	2 : 0 5(x7-0x6-0) 6(x7-0x7-5) 7 4 1(x0-4x8-4) 8(x0-4) 
	3 : 0(x1-5x8-5) 8(x1-5x1-0) 1 4(x6-1x7-1) 7(x6-1x6-4) 6 5 
	4 : 0(x2-1x2-8) 2 7 6(x1-7x3-7) 3(x1-7x1-6) 1 8(x2-1) 
	5 : 0 8(x3-0x1-0) 1(x3-0x3-8) 3 6 7(x0-6x2-6) 2(x0-6x0-7) 
	6 : 0(x5-7x5-2) 5 3 1(x7-3x4-3) 4(x7-3x7-1) 7 2(x5-7x0-7) 
	7 : 0(x6-2x5-2) 5(x6-2x6-0) 6 3(x4-6x1-6) 1(x4-6x4-3) 4 2 
	8 : 0 2(x4-0) 4(x1-2) 1 3(x0-1x5-1) 5(x0-1x0-3) 
}
Drawing #20:
{ #vertices = 9, #edges = 32, #halfedges = 136, #crossings = 18
	0 : 1(x8-2x8-4) 8 3(x5-8x5-1) 5 6(x2-5x7-5) 7(x2-5x2-6) 2 4(x8-2x1-2) 
	1 : 0(x4-8x2-8) 2(x4-8x4-0) 4 7(x3-4x6-4) 6(x3-4x3-7) 3 5(x8-3x0-3) 8 
	2 : 0 5(x7-0x6-0) 6(x7-0x7-5) 7 4 1(x0-4x8-4) 8(x0-4x0-1) 
	3 : 0(x1-5x8-5) 8(x1-5) 1 4(x6-1x7-1) 7(x6-1x6-4) 6 5 
	4 : 0(x2-1x2-8) 2 7 6(x1-7x3-7) 3(x1-7x1-6) 1 8(x2-1x0-1) 
	5 : 0 8(x3-0) 1(x3-0x3-8) 3 6 7(x0-6x2-6) 2(x0-6x0-7) 
	6 : 0(x5-7x5-2) 5 3 1(x7-3x4-3) 4(x7-3x7-1) 7 2(x5-7x0-7) 
	7 : 0(x6-2x5-2) 5(x6-2x6-0) 6 3(x4-6x1-6) 1(x4-6x4-3) 4 2 
	8 : 0 2(x1-0x4-0) 4(x1-0x1-2) 1 3(x5-1) 5(x0-3) 
}
Drawing #21:
{ #vertices = 9, #edges = 32, #halfedges = 136, #crossings = 18
	0 : 1(x3-8x4-8) 4(x3-8x3-1) 3 7(x5-3x6-3) 6(x5-3x5-7) 5 2(x8-5x1-5) 8 
	1 : 0(x8-4x8-3) 8 5(x2-8x2-0) 2 6(x4-2x7-2) 7(x4-2x4-6) 4 3(x8-4x0-4) 
	2 : 0(x5-1x5-8) 5 6 7(x1-6x4-6) 4(x1-6x1-7) 1 8(x5-1) 
	3 : 0 8(x4-0x1-0) 1(x4-0x4-8) 4 7 6(x0-7x5-7) 5(x0-7x0-6) 
	4 : 0(x1-3x8-3) 8(x1-3x1-0) 1 2(x7-1x6-1) 6(x7-1x7-2) 7 3 
	5 : 0 3(x6-0x7-0) 7(x6-0x6-3) 6 2 1(x0-2x8-2) 8(x0-2) 
	6 : 0(x7-5x3-5) 3(x7-5x7-0) 7 4(x2-7x1-7) 1(x2-7x2-4) 2 5 
	7 : 0(x3-6x3-5) 3 4 1(x6-4x2-4) 2(x6-4x6-1) 6 5(x3-6x0-6) 
	8 : 0 5(x2-0) 2(x1-5) 1 4(x0-1x3-1) 3(x0-1x0-4) 
}
Drawing #22:
{ #vertices = 9, #edges = 32, #halfedges = 136, #crossings = 18
	0 : 1(x8-5x8-2) 8 4(x3-8x3-1) 3 7(x5-3x6-3) 6(x5-3x5-7) 5 2(x8-5x1-5) 
	1 : 0(x2-8x5-8) 5(x2-8x2-0) 2 6(x4-2x7-2) 7(x4-2x4-6) 4 3(x8-4x0-4) 8 
	2 : 0(x5-1x5-8) 5 6 7(x1-6x4-6) 4(x1-6x1-7) 1 8(x5-1x0-1) 
	3 : 0 8(x4-0) 1(x4-0x4-8) 4 7 6(x0-7x5-7) 5(x0-7x0-6) 
	4 : 0(x1-3x8-3) 8(x1-3) 1 2(x7-1x6-1) 6(x7-1x7-2) 7 3 
	5 : 0 3(x6-0x7-0) 7(x6-0x6-3) 6 2 1(x0-2x8-2) 8(x0-2x0-1) 
	6 : 0(x7-5x3-5) 3(x7-5x7-0) 7 4(x2-7x1-7) 1(x2-7x2-4) 2 5 
	7 : 0(x3-6x3-5) 3 4 1(x6-4x2-4) 2(x6-4x6-1) 6 5(x3-6x0-6) 
	8 : 0 5(x1-0x2-0) 2(x1-0x1-5) 1 4(x3-1) 3(x0-4) 
}
Drawing #23:
{ #vertices = 9, #edges = 32, #halfedges = 136, #crossings = 18
	0 : 1(x3-8x4-8) 4(x3-8x3-1) 3 6(x5-3x7-3) 7(x5-3x5-6) 5 2(x8-5x1-5) 8 
	1 : 0(x8-4x8-3) 8 5(x2-8x2-0) 2 7(x4-2x6-2) 6(x4-2x4-7) 4 3(x8-4x0-4) 
	2 : 0(x5-1x5-8) 5 7 6(x1-7x4-7) 4(x1-7x1-6) 1 8(x5-1) 
	3 : 0 8(x4-0x1-0) 1(x4-0x4-8) 4 6 7(x0-6x5-6) 5(x0-6x0-7) 
	4 : 0(x1-3x8-3) 8(x1-3x1-0) 1 2(x6-1x7-1) 7(x6-1x6-2) 6 3 
	5 : 0 3(x7-0x6-0) 6(x7-0x7-3) 7 2 1(x0-2x8-2) 8(x0-2) 
	6 : 0(x3-7x3-5) 3 4 1(x7-4x2-4) 2(x7-4x7-1) 7 5(x3-7x0-7) 
	7 : 0(x6-5x3-5) 3(x6-5x6-0) 6 4(x2-6x1-6) 1(x2-6x2-4) 2 5 
	8 : 0 5(x2-0) 2(x1-5) 1 4(x0-1x3-1) 3(x0-1x0-4) 
}
Drawing #24:
{ #vertices = 9, #edges = 32, #halfedges = 136, #crossings = 18
	0 : 1(x8-5x8-2) 8 4(x3-8x3-1) 3 6(x5-3x7-3) 7(x5-3x5-6) 5 2(x8-5x1-5) 
	1 : 0(x2-8x5-8) 5(x2-8x2-0) 2 7(x4-2x6-2) 6(x4-2x4-7) 4 3(x8-4x0-4) 8 
	2 : 0(x5-1x5-8) 5 7 6(x1-7x4-7) 4(x1-7x1-6) 1 8(x5-1x0-1) 
	3 : 0 8(x4-0) 1(x4-0x4-8) 4 6 7(x0-6x5-6) 5(x0-6x0-7) 
	4 : 0(x1-3x8-3) 8(x1-3) 1 2(x6-1x7-1) 7(x6-1x6-2) 6 3 
	5 : 0 3(x7-0x6-0) 6(x7-0x7-3) 7 2 1(x0-2x8-2) 8(x0-2x0-1) 
	6 : 0(x3-7x3-5) 3 4 1(x7-4x2-4) 2(x7-4x7-1) 7 5(x3-7x0-7) 
	7 : 0(x6-5x3-5) 3(x6-5x6-0) 6 4(x2-6x1-6) 1(x2-6x2-4) 2 5 
	8 : 0 5(x1-0x2-0) 2(x1-0x1-5) 1 4(x3-1) 3(x0-4) 
}
Drawing #25:
{ #vertices = 9, #edges = 32, #halfedges = 136, #crossings = 18
	0 : 1(x4-8x3-8) 3(x4-8x4-1) 4 7(x2-4x6-4) 6(x2-4x2-7) 2 5(x8-2x1-2) 8 
	1 : 0(x8-3x8-4) 8 2(x5-8x5-0) 5 6(x3-5x7-5) 7(x3-5x3-6) 3 4(x8-3x0-3) 
	2 : 0 4(x6-0x7-0) 7(x6-0x6-4) 6 5 1(x0-5x8-5) 8(x0-5) 
	3 : 0(x1-4x8-4) 8(x1-4x1-0) 1 5(x7-1x6-1) 6(x7-1x7-5) 7 4 
	4 : 0 8(x3-0x1-0) 1(x3-0x3-8) 3 7 6(x0-7x2-7) 2(x0-7x0-6) 
	5 : 0(x2-1x2-8) 2 6 7(x1-6x3-6) 3(x1-6x1-7) 1 8(x2-1) 
	6 : 0(x7-2x4-2) 4(x7-2x7-0) 7 3(x5-7x1-7) 1(x5-7x5-3) 5 2 
	7 : 0(x4-6x4-2) 4 3 1(x6-3x5-3) 5(x6-3x6-1) 6 2(x4-6x0-6) 
	8 : 0 2(x5-0) 5(x1-2) 1 3(x0-1x4-1) 4(x0-1x0-3) 
}
Drawing #26:
{ #vertices = 9, #edges = 32, #halfedges = 136, #crossings = 18
	0 : 1(x8-2x8-5) 8 3(x4-8x4-1) 4 7(x2-4x6-4) 6(x2-4x2-7) 2 5(x8-2x1-2) 
	1 : 0(x5-8x2-8) 2(x5-8x5-0) 5 6(x3-5x7-5) 7(x3-5x3-6) 3 4(x8-3x0-3) 8 
	2 : 0 4(x6-0x7-0) 7(x6-0x6-4) 6 5 1(x0-5x8-5) 8(x0-5x0-1) 
	3 : 0(x1-4x8-4) 8(x1-4) 1 5(x7-1x6-1) 6(x7-1x7-5) 7 4 
	4 : 0 8(x3-0) 1(x3-0x3-8) 3 7 6(x0-7x2-7) 2(x0-7x0-6) 
	5 : 0(x2-1x2-8) 2 6 7(x1-6x3-6) 3(x1-6x1-7) 1 8(x2-1x0-1) 
	6 : 0(x7-2x4-2) 4(x7-2x7-0) 7 3(x5-7x1-7) 1(x5-7x5-3) 5 2 
	7 : 0(x4-6x4-2) 4 3 1(x6-3x5-3) 5(x6-3x6-1) 6 2(x4-6x0-6) 
	8 : 0 2(x1-0x5-0) 5(x1-0x1-2) 1 3(x4-1) 4(x0-3) 
}
Drawing #27:
{ #vertices = 9, #edges = 32, #halfedges = 136, #crossings = 18
	0 : 1(x4-8x3-8) 3(x4-8x4-1) 4 6(x2-4x7-4) 7(x2-4x2-6) 2 5(x8-2x1-2) 8 
	1 : 0(x8-3x8-4) 8 2(x5-8x5-0) 5 7(x3-5x6-5) 6(x3-5x3-7) 3 4(x8-3x0-3) 
	2 : 0 4(x7-0x6-0) 6(x7-0x7-4) 7 5 1(x0-5x8-5) 8(x0-5) 
	3 : 0(x1-4x8-4) 8(x1-4x1-0) 1 5(x6-1x7-1) 7(x6-1x6-5) 6 4 
	4 : 0 8(x3-0x1-0) 1(x3-0x3-8) 3 6 7(x0-6x2-6) 2(x0-6x0-7) 
	5 : 0(x2-1x2-8) 2 7 6(x1-7x3-7) 3(x1-7x1-6) 1 8(x2-1) 
	6 : 0(x4-7x4-2) 4 3 1(x7-3x5-3) 5(x7-3x7-1) 7 2(x4-7x0-7) 
	7 : 0(x6-2x4-2) 4(x6-2x6-0) 6 3(x5-6x1-6) 1(x5-6x5-3) 5 2 
	8 : 0 2(x5-0) 5(x1-2) 1 3(x0-1x4-1) 4(x0-1x0-3) 
}
Drawing #28:
{ #vertices = 9, #edges = 32, #halfedges = 136, #crossings = 18
	0 : 1(x8-2x8-5) 8 3(x4-8x4-1) 4 6(x2-4x7-4) 7(x2-4x2-6) 2 5(x8-2x1-2) 
	1 : 0(x5-8x2-8) 2(x5-8x5-0) 5 7(x3-5x6-5) 6(x3-5x3-7) 3 4(x8-3x0-3) 8 
	2 : 0 4(x7-0x6-0) 6(x7-0x7-4) 7 5 1(x0-5x8-5) 8(x0-5x0-1) 
	3 : 0(x1-4x8-4) 8(x1-4) 1 5(x6-1x7-1) 7(x6-1x6-5) 6 4 
	4 : 0 8(x3-0) 1(x3-0x3-8) 3 6 7(x0-6x2-6) 2(x0-6x0-7) 
	5 : 0(x2-1x2-8) 2 7 6(x1-7x3-7) 3(x1-7x1-6) 1 8(x2-1x0-1) 
	6 : 0(x4-7x4-2) 4 3 1(x7-3x5-3) 5(x7-3x7-1) 7 2(x4-7x0-7) 
	7 : 0(x6-2x4-2) 4(x6-2x6-0) 6 3(x5-6x1-6) 1(x5-6x5-3) 5 2 
	8 : 0 2(x1-0x5-0) 5(x1-0x1-2) 1 3(x4-1) 4(x0-3) 
}
Drawing #29:
{ #vertices = 9, #edges = 32, #halfedges = 136, #crossings = 18
	0 : 1(x3-8x5-8) 5(x3-8x3-1) 3 7(x4-3x6-3) 6(x4-3x4-7) 4 2(x8-4x1-4) 8 
	1 : 0(x8-5x8-3) 8 4(x2-8x2-0) 2 6(x5-2x7-2) 7(x5-2x5-6) 5 3(x8-5x0-5) 
	2 : 0(x4-1x4-8) 4 6 7(x1-6x5-6) 5(x1-6x1-7) 1 8(x4-1) 
	3 : 0 8(x5-0x1-0) 1(x5-0x5-8) 5 7 6(x0-7x4-7) 4(x0-7x0-6) 
	4 : 0 3(x6-0x7-0) 7(x6-0x6-3) 6 2 1(x0-2x8-2) 8(x0-2) 
	5 : 0(x1-3x8-3) 8(x1-3x1-0) 1 2(x7-1x6-1) 6(x7-1x7-2) 7 3 
	6 : 0(x7-4x3-4) 3(x7-4x7-0) 7 5(x2-7x1-7) 1(x2-7x2-5) 2 4 
	7 : 0(x3-6x3-4) 3 5 1(x6-5x2-5) 2(x6-5x6-1) 6 4(x3-6x0-6) 
	8 : 0 4(x2-0) 2(x1-4) 1 5(x0-1x3-1) 3(x0-1x0-5) 
}
Drawing #30:
{ #vertices = 9, #edges = 32, #halfedges = 136, #crossings = 18
	0 : 1(x8-4x8-2) 8 5(x3-8x3-1) 3 7(x4-3x6-3) 6(x4-3x4-7) 4 2(x8-4x1-4) 
	1 : 0(x2-8x4-8) 4(x2-8x2-0) 2 6(x5-2x7-2) 7(x5-2x5-6) 5 3(x8-5x0-5) 8 
	2 : 0(x4-1x4-8) 4 6 7(x1-6x5-6) 5(x1-6x1-7) 1 8(x4-1x0-1) 
	3 : 0 8(x5-0) 1(x5-0x5-8) 5 7 6(x0-7x4-7) 4(x0-7x0-6) 
	4 : 0 3(x6-0x7-0) 7(x6-0x6-3) 6 2 1(x0-2x8-2) 8(x0-2x0-1) 
	5 : 0(x1-3x8-3) 8(x1-3) 1 2(x7-1x6-1) 6(x7-1x7-2) 7 3 
	6 : 0(x7-4x3-4) 3(x7-4x7-0) 7 5(x2-7x1-7) 1(x2-7x2-5) 2 4 
	7 : 0(x3-6x3-4) 3 5 1(x6-5x2-5) 2(x6-5x6-1) 6 4(x3-6x0-6) 
	8 : 0 4(x1-0x2-0) 2(x1-0x1-4) 1 5(x3-1) 3(x0-5) 
}
Drawing #31:
{ #vertices = 9, #edges = 32, #halfedges = 136, #crossings = 18
	0 : 1(x3-8x5-8) 5(x3-8x3-1) 3 6(x4-3x7-3) 7(x4-3x4-6) 4 2(x8-4x1-4) 8 
	1 : 0(x8-5x8-3) 8 4(x2-8x2-0) 2 7(x5-2x6-2) 6(x5-2x5-7) 5 3(x8-5x0-5) 
	2 : 0(x4-1x4-8) 4 7 6(x1-7x5-7) 5(x1-7x1-6) 1 8(x4-1) 
	3 : 0 8(x5-0x1-0) 1(x5-0x5-8) 5 6 7(x0-6x4-6) 4(x0-6x0-7) 
	4 : 0 3(x7-0x6-0) 6(x7-0x7-3) 7 2 1(x0-2x8-2) 8(x0-2) 
	5 : 0(x1-3x8-3) 8(x1-3x1-0) 1 2(x6-1x7-1) 7(x6-1x6-2) 6 3 
	6 : 0(x3-7x3-4) 3 5 1(x7-5x2-5) 2(x7-5x7-1) 7 4(x3-7x0-7) 
	7 : 0(x6-4x3-4) 3(x6-4x6-0) 6 5(x2-6x1-6) 1(x2-6x2-5) 2 4 
	8 : 0 4(x2-0) 2(x1-4) 1 5(x0-1x3-1) 3(x0-1x0-5) 
}
Drawing #32:
{ #vertices = 9, #edges = 32, #halfedges = 136, #crossings = 18
	0 : 1(x8-4x8-2) 8 5(x3-8x3-1) 3 6(x4-3x7-3) 7(x4-3x4-6) 4 2(x8-4x1-4) 
	1 : 0(x2-8x4-8) 4(x2-8x2-0) 2 7(x5-2x6-2) 6(x5-2x5-7) 5 3(x8-5x0-5) 8 
	2 : 0(x4-1x4-8) 4 7 6(x1-7x5-7) 5(x1-7x1-6) 1 8(x4-1x0-1) 
	3 : 0 8(x5-0) 1(x5-0x5-8) 5 6 7(x0-6x4-6) 4(x0-6x0-7) 
	4 : 0 3(x7-0x6-0) 6(x7-0x7-3) 7 2 1(x0-2x8-2) 8(x0-2x0-1) 
	5 : 0(x1-3x8-3) 8(x1-3) 1 2(x6-1x7-1) 7(x6-1x6-2) 6 3 
	6 : 0(x3-7x3-4) 3 5 1(x7-5x2-5) 2(x7-5x7-1) 7 4(x3-7x0-7) 
	7 : 0(x6-4x3-4) 3(x6-4x6-0) 6 5(x2-6x1-6) 1(x2-6x2-5) 2 4 
	8 : 0 4(x1-0x2-0) 2(x1-0x1-4) 1 5(x3-1) 3(x0-5) 
}
Found 32 drawings in total.
