=== Considering solution #0 (>= 0 more to go)
Drawing #1:
{ #vertices = 21, #edges = 40, #halfedges = 120, #crossings = 10
	0 : 1 10 9 19(x12-9) 
	1 : 0 14(x2-11x13-12) 2 10 
	2 : 1 11(x14-1) 3 10 
	3 : 2 16(x4-13x15-14) 4 10 
	4 : 3 13(x16-3) 5 10 
	5 : 4 18(x6-15x17-16) 6 10 
	6 : 5 15(x18-5) 7 10 
	7 : 6 20(x8-17x19-18) 8 10 
	8 : 7 17(x20-7) 9 10 
	9 : 8 12(x0-19x11-20) 0 10 
	10 : 0 1 2 3 4 5 6 7 8 9 
	11 : 20(x12-9) 12 2(x1-14) 
	12 : 11 9(x20-11x19-0) 13(x1-14) 
	13 : 12(x14-1) 14 4(x3-16) 
	14 : 13 1(x12-13x11-2) 15(x3-16) 
	15 : 14(x16-3) 16 6(x5-18) 
	16 : 15 3(x14-15x13-4) 17(x5-18) 
	17 : 16(x18-5) 18 8(x7-20) 
	18 : 17 5(x16-17x15-6) 19(x7-20) 
	19 : 0(x9-12) 18(x20-7) 20 
	20 : 19 7(x18-19x17-8) 11(x9-12) 
}

Drawing #2:
{ #vertices = 21, #edges = 40, #halfedges = 120, #crossings = 10
	0 : 1 10 9 19(x12-9) 
	1 : 0 14(x2-11x13-12) 2 10 
	2 : 1 11(x14-1x12-9) 3 10 
	3 : 2 16(x4-13x15-14) 4 10 
	4 : 3 13(x16-3) 5 10 
	5 : 4 18(x6-15x17-16) 6 10 
	6 : 5 15(x18-5) 7 10 
	7 : 6 20(x8-17x19-18) 8 10 
	8 : 7 17(x20-7) 9 10 
	9 : 8 12(x0-19x2-11) 0 10 
	10 : 0 1 2 3 4 5 6 7 8 9 
	11 : 20 12 2(x9-12x1-14) 
	12 : 11 13(x1-14) 9(x11-2x19-0) 
	13 : 12(x14-1) 14 4(x3-16) 
	14 : 13 1(x12-13x11-2) 15(x3-16) 
	15 : 14(x16-3) 16 6(x5-18) 
	16 : 15 3(x14-15x13-4) 17(x5-18) 
	17 : 16(x18-5) 18 8(x7-20) 
	18 : 17 5(x16-17x15-6) 19(x7-20) 
	19 : 0(x9-12) 18(x20-7) 20 
	20 : 19 7(x18-19x17-8) 11 
}

--- Discard drawing #0, isomorphic to solution #2
Drawing #3:
{ #vertices = 21, #edges = 40, #halfedges = 120, #crossings = 10
	0 : 1 10 9 19(x12-9x20-7) 
	1 : 0 14(x2-11x13-12) 2 10 
	2 : 1 11(x14-1x12-9) 3 10 
	3 : 2 16(x4-13x15-14) 4 10 
	4 : 3 13(x16-3) 5 10 
	5 : 4 18(x6-15x17-16) 6 10 
	6 : 5 15(x18-5) 7 10 
	7 : 6 20(x8-17x0-19) 8 10 
	8 : 7 17(x20-7) 9 10 
	9 : 8 12(x0-19x2-11) 0 10 
	10 : 0 1 2 3 4 5 6 7 8 9 
	11 : 20 12 2(x9-12x1-14) 
	12 : 11 13(x1-14) 9(x11-2x19-0) 
	13 : 12(x14-1) 14 4(x3-16) 
	14 : 13 1(x12-13x11-2) 15(x3-16) 
	15 : 14(x16-3) 16 6(x5-18) 
	16 : 15 3(x14-15x13-4) 17(x5-18) 
	17 : 16(x18-5) 18 8(x7-20) 
	18 : 17 5(x16-17x15-6) 19 
	19 : 0(x7-20x9-12) 18 20 
	20 : 19 11 7(x19-0x17-8) 
}

--- Discard drawing #1, isomorphic to solution #2
Drawing #4:
{ #vertices = 21, #edges = 40, #halfedges = 120, #crossings = 10
	0 : 1 10 9 19(x12-9) 
	1 : 0 14(x2-11x13-12) 2 10 
	2 : 1 11(x14-1x12-9) 3 10 
	3 : 2 16(x4-13x15-14) 4 10 
	4 : 3 13(x16-3) 5 10 
	5 : 4 18(x6-15x8-17) 6 10 
	6 : 5 15(x18-5) 7 10 
	7 : 6 20(x8-17x19-18) 8 10 
	8 : 7 17(x20-7x18-5) 9 10 
	9 : 8 12(x0-19x2-11) 0 10 
	10 : 0 1 2 3 4 5 6 7 8 9 
	11 : 20 12 2(x9-12x1-14) 
	12 : 11 13(x1-14) 9(x11-2x19-0) 
	13 : 12(x14-1) 14 4(x3-16) 
	14 : 13 1(x12-13x11-2) 15(x3-16) 
	15 : 14(x16-3) 16 6(x5-18) 
	16 : 15 3(x14-15x13-4) 17 
	17 : 16 18 8(x5-18x7-20) 
	18 : 17 19(x7-20) 5(x17-8x15-6) 
	19 : 0(x9-12) 18(x20-7) 20 
	20 : 19 7(x18-19x17-8) 11 
}

--- Discard drawing #2, isomorphic to solution #3
Drawing #5:
{ #vertices = 21, #edges = 40, #halfedges = 120, #crossings = 10
	0 : 1 10 9 19(x12-9x20-7) 
	1 : 0 14(x2-11x13-12) 2 10 
	2 : 1 11(x14-1x12-9) 3 10 
	3 : 2 16(x4-13x15-14) 4 10 
	4 : 3 13(x16-3) 5 10 
	5 : 4 18(x6-15x8-17) 6 10 
	6 : 5 15(x18-5) 7 10 
	7 : 6 20(x8-17x0-19) 8 10 
	8 : 7 17(x20-7x18-5) 9 10 
	9 : 8 12(x0-19x2-11) 0 10 
	10 : 0 1 2 3 4 5 6 7 8 9 
	11 : 20 12 2(x9-12x1-14) 
	12 : 11 13(x1-14) 9(x11-2x19-0) 
	13 : 12(x14-1) 14 4(x3-16) 
	14 : 13 1(x12-13x11-2) 15(x3-16) 
	15 : 14(x16-3) 16 6(x5-18) 
	16 : 15 3(x14-15x13-4) 17 
	17 : 16 18 8(x5-18x7-20) 
	18 : 17 19 5(x17-8x15-6) 
	19 : 0(x7-20x9-12) 18 20 
	20 : 19 11 7(x19-0x17-8) 
}

--- Discard drawing #3, isomorphic to solution #2
--- Discard drawing #4, isomorphic to solution #4
--- Discard drawing #5, isomorphic to solution #4
Drawing #6:
{ #vertices = 21, #edges = 40, #halfedges = 120, #crossings = 10
	0 : 1 10 9 19(x12-9x20-7) 
	1 : 0 14(x2-11x13-12) 2 10 
	2 : 1 11(x14-1x12-9) 3 10 
	3 : 2 16(x4-13x6-15) 4 10 
	4 : 3 13(x16-3) 5 10 
	5 : 4 18(x6-15x17-16) 6 10 
	6 : 5 15(x18-5x16-3) 7 10 
	7 : 6 20(x8-17x0-19) 8 10 
	8 : 7 17(x20-7) 9 10 
	9 : 8 12(x0-19x2-11) 0 10 
	10 : 0 1 2 3 4 5 6 7 8 9 
	11 : 20 12 2(x9-12x1-14) 
	12 : 11 13(x1-14) 9(x11-2x19-0) 
	13 : 12(x14-1) 14 4(x3-16) 
	14 : 13 1(x12-13x11-2) 15 
	15 : 14 16 6(x3-16x5-18) 
	16 : 15 17(x5-18) 3(x15-6x13-4) 
	17 : 16(x18-5) 18 8(x7-20) 
	18 : 17 5(x16-17x15-6) 19 
	19 : 0(x7-20x9-12) 18 20 
	20 : 19 11 7(x19-0x17-8) 
}

--- Discard drawing #6, isomorphic to solution #3
--- Discard drawing #7, isomorphic to solution #6
--- Discard drawing #8, isomorphic to solution #5
Drawing #7:
{ #vertices = 21, #edges = 40, #halfedges = 120, #crossings = 10
	0 : 1 10 9 19(x12-9x20-7) 
	1 : 0 14(x2-11x13-12) 2 10 
	2 : 1 11(x14-1x12-9) 3 10 
	3 : 2 16(x4-13x6-15) 4 10 
	4 : 3 13(x16-3) 5 10 
	5 : 4 18(x6-15x8-17) 6 10 
	6 : 5 15(x18-5x16-3) 7 10 
	7 : 6 20(x8-17x0-19) 8 10 
	8 : 7 17(x20-7x18-5) 9 10 
	9 : 8 12(x0-19x2-11) 0 10 
	10 : 0 1 2 3 4 5 6 7 8 9 
	11 : 20 12 2(x9-12x1-14) 
	12 : 11 13(x1-14) 9(x11-2x19-0) 
	13 : 12(x14-1) 14 4(x3-16) 
	14 : 13 1(x12-13x11-2) 15 
	15 : 14 16 6(x3-16x5-18) 
	16 : 15 17 3(x15-6x13-4) 
	17 : 16 18 8(x5-18x7-20) 
	18 : 17 19 5(x17-8x15-6) 
	19 : 0(x7-20x9-12) 18 20 
	20 : 19 11 7(x19-0x17-8) 
}

--- Discard drawing #9, isomorphic to solution #2
--- Discard drawing #10, isomorphic to solution #3
--- Discard drawing #11, isomorphic to solution #4
--- Discard drawing #12, isomorphic to solution #5
--- Discard drawing #13, isomorphic to solution #4
--- Discard drawing #14, isomorphic to solution #6
--- Discard drawing #15, isomorphic to solution #6
--- Discard drawing #16, isomorphic to solution #7
--- Discard drawing #17, isomorphic to solution #3
--- Discard drawing #18, isomorphic to solution #5
--- Discard drawing #19, isomorphic to solution #6
--- Discard drawing #20, isomorphic to solution #7
--- Discard drawing #21, isomorphic to solution #5
--- Discard drawing #22, isomorphic to solution #7
--- Discard drawing #23, isomorphic to solution #7
--- Discard drawing #24, isomorphic to solution #0
Drawing #8:
{ #vertices = 21, #edges = 40, #halfedges = 120, #crossings = 10
	0 : 1 10 9 19(x12-9) 
	1 : 0 14(x2-11x13-12) 2 10 
	2 : 1 11(x14-1) 3 10 
	3 : 2 16(x4-13x15-14) 4 10 
	4 : 3 13(x16-3) 5 10 
	5 : 4 18(x6-15) 6 10 
	6 : 5 15(x18-5) 7 10 
	7 : 6 20(x19-18x8-17) 8 10 
	8 : 7 17(x19-18x20-7) 9 10 
	9 : 8 12(x0-19x11-20) 0 10 
	10 : 0 1 2 3 4 5 6 7 8 9 
	11 : 20(x12-9) 12 2(x1-14) 
	12 : 11 9(x20-11x19-0) 13(x1-14) 
	13 : 12(x14-1) 14 4(x3-16) 
	14 : 13 1(x12-13x11-2) 15(x3-16) 
	15 : 14(x16-3) 16 6(x5-18) 
	16 : 15 3(x14-15x13-4) 17 
	17 : 16 8(x7-20x18-19) 18 
	18 : 17 19(x7-20x8-17) 5(x15-6) 
	19 : 0(x9-12) 18(x17-8x20-7) 20 
	20 : 19 7(x17-8x18-19) 11(x9-12) 
}

Drawing #9:
{ #vertices = 21, #edges = 40, #halfedges = 120, #crossings = 10
	0 : 1 10 9 19(x12-9) 
	1 : 0 14(x2-11x13-12) 2 10 
	2 : 1 11(x14-1x12-9) 3 10 
	3 : 2 16(x4-13x15-14) 4 10 
	4 : 3 13(x16-3) 5 10 
	5 : 4 18(x6-15) 6 10 
	6 : 5 15(x18-5) 7 10 
	7 : 6 20(x19-18x8-17) 8 10 
	8 : 7 17(x19-18x20-7) 9 10 
	9 : 8 12(x0-19x2-11) 0 10 
	10 : 0 1 2 3 4 5 6 7 8 9 
	11 : 20 12 2(x9-12x1-14) 
	12 : 11 13(x1-14) 9(x11-2x19-0) 
	13 : 12(x14-1) 14 4(x3-16) 
	14 : 13 1(x12-13x11-2) 15(x3-16) 
	15 : 14(x16-3) 16 6(x5-18) 
	16 : 15 3(x14-15x13-4) 17 
	17 : 16 8(x7-20x18-19) 18 
	18 : 17 19(x7-20x8-17) 5(x15-6) 
	19 : 0(x9-12) 18(x17-8x20-7) 20 
	20 : 19 7(x17-8x18-19) 11 
}

--- Discard drawing #25, isomorphic to solution #8
--- Discard drawing #26, isomorphic to solution #9
Drawing #10:
{ #vertices = 21, #edges = 40, #halfedges = 120, #crossings = 10
	0 : 1 10 9 19(x12-9x20-7) 
	1 : 0 14(x2-11x13-12) 2 10 
	2 : 1 11(x14-1) 3 10 
	3 : 2 16(x4-13x15-14) 4 10 
	4 : 3 13(x16-3) 5 10 
	5 : 4 18(x6-15) 6 10 
	6 : 5 15(x18-5) 7 10 
	7 : 6 20(x8-17x0-19) 8 10 
	8 : 7 17(x20-7x19-18) 9 10 
	9 : 8 12(x0-19x11-20) 0 10 
	10 : 0 1 2 3 4 5 6 7 8 9 
	11 : 20(x12-9) 12 2(x1-14) 
	12 : 11 9(x20-11x19-0) 13(x1-14) 
	13 : 12(x14-1) 14 4(x3-16) 
	14 : 13 1(x12-13x11-2) 15(x3-16) 
	15 : 14(x16-3) 16 6(x5-18) 
	16 : 15 3(x14-15x13-4) 17 
	17 : 16 8(x18-19x7-20) 18 
	18 : 17 19(x8-17) 5(x15-6) 
	19 : 0(x7-20x9-12) 18(x17-8) 20 
	20 : 19 11(x9-12) 7(x19-0x17-8) 
}

Drawing #11:
{ #vertices = 21, #edges = 40, #halfedges = 120, #crossings = 10
	0 : 1 10 9 19(x12-9x20-7) 
	1 : 0 14(x2-11x13-12) 2 10 
	2 : 1 11(x14-1x12-9) 3 10 
	3 : 2 16(x4-13x15-14) 4 10 
	4 : 3 13(x16-3) 5 10 
	5 : 4 18(x6-15) 6 10 
	6 : 5 15(x18-5) 7 10 
	7 : 6 20(x8-17x0-19) 8 10 
	8 : 7 17(x20-7x19-18) 9 10 
	9 : 8 12(x0-19x2-11) 0 10 
	10 : 0 1 2 3 4 5 6 7 8 9 
	11 : 20 12 2(x9-12x1-14) 
	12 : 11 13(x1-14) 9(x11-2x19-0) 
	13 : 12(x14-1) 14 4(x3-16) 
	14 : 13 1(x12-13x11-2) 15(x3-16) 
	15 : 14(x16-3) 16 6(x5-18) 
	16 : 15 3(x14-15x13-4) 17 
	17 : 16 8(x18-19x7-20) 18 
	18 : 17 19(x8-17) 5(x15-6) 
	19 : 0(x7-20x9-12) 18(x17-8) 20 
	20 : 19 11 7(x19-0x17-8) 
}

Drawing #12:
{ #vertices = 21, #edges = 40, #halfedges = 120, #crossings = 10
	0 : 1 10 9 19(x12-9) 
	1 : 0 14(x2-11x13-12) 2 10 
	2 : 1 11(x14-1) 3 10 
	3 : 2 16(x4-13x6-15) 4 10 
	4 : 3 13(x16-3) 5 10 
	5 : 4 18(x6-15) 6 10 
	6 : 5 15(x18-5x16-3) 7 10 
	7 : 6 20(x19-18x8-17) 8 10 
	8 : 7 17(x19-18x20-7) 9 10 
	9 : 8 12(x0-19x11-20) 0 10 
	10 : 0 1 2 3 4 5 6 7 8 9 
	11 : 20(x12-9) 12 2(x1-14) 
	12 : 11 9(x20-11x19-0) 13(x1-14) 
	13 : 12(x14-1) 14 4(x3-16) 
	14 : 13 1(x12-13x11-2) 15 
	15 : 14 16 6(x3-16x5-18) 
	16 : 15 17 3(x15-6x13-4) 
	17 : 16 8(x7-20x18-19) 18 
	18 : 17 19(x7-20x8-17) 5(x15-6) 
	19 : 0(x9-12) 18(x17-8x20-7) 20 
	20 : 19 7(x17-8x18-19) 11(x9-12) 
}

Drawing #13:
{ #vertices = 21, #edges = 40, #halfedges = 120, #crossings = 10
	0 : 1 10 9 19(x12-9) 
	1 : 0 14(x2-11x13-12) 2 10 
	2 : 1 11(x14-1x12-9) 3 10 
	3 : 2 16(x4-13x6-15) 4 10 
	4 : 3 13(x16-3) 5 10 
	5 : 4 18(x6-15) 6 10 
	6 : 5 15(x18-5x16-3) 7 10 
	7 : 6 20(x19-18x8-17) 8 10 
	8 : 7 17(x19-18x20-7) 9 10 
	9 : 8 12(x0-19x2-11) 0 10 
	10 : 0 1 2 3 4 5 6 7 8 9 
	11 : 20 12 2(x9-12x1-14) 
	12 : 11 13(x1-14) 9(x11-2x19-0) 
	13 : 12(x14-1) 14 4(x3-16) 
	14 : 13 1(x12-13x11-2) 15 
	15 : 14 16 6(x3-16x5-18) 
	16 : 15 17 3(x15-6x13-4) 
	17 : 16 8(x7-20x18-19) 18 
	18 : 17 19(x7-20x8-17) 5(x15-6) 
	19 : 0(x9-12) 18(x17-8x20-7) 20 
	20 : 19 7(x17-8x18-19) 11 
}

--- Discard drawing #27, isomorphic to solution #12
--- Discard drawing #28, isomorphic to solution #13
Drawing #14:
{ #vertices = 21, #edges = 40, #halfedges = 120, #crossings = 10
	0 : 1 10 9 19(x12-9x20-7) 
	1 : 0 14(x2-11x13-12) 2 10 
	2 : 1 11(x14-1) 3 10 
	3 : 2 16(x4-13x6-15) 4 10 
	4 : 3 13(x16-3) 5 10 
	5 : 4 18(x6-15) 6 10 
	6 : 5 15(x18-5x16-3) 7 10 
	7 : 6 20(x8-17x0-19) 8 10 
	8 : 7 17(x20-7x19-18) 9 10 
	9 : 8 12(x0-19x11-20) 0 10 
	10 : 0 1 2 3 4 5 6 7 8 9 
	11 : 20(x12-9) 12 2(x1-14) 
	12 : 11 9(x20-11x19-0) 13(x1-14) 
	13 : 12(x14-1) 14 4(x3-16) 
	14 : 13 1(x12-13x11-2) 15 
	15 : 14 16 6(x3-16x5-18) 
	16 : 15 17 3(x15-6x13-4) 
	17 : 16 8(x18-19x7-20) 18 
	18 : 17 19(x8-17) 5(x15-6) 
	19 : 0(x7-20x9-12) 18(x17-8) 20 
	20 : 19 11(x9-12) 7(x19-0x17-8) 
}

Drawing #15:
{ #vertices = 21, #edges = 40, #halfedges = 120, #crossings = 10
	0 : 1 10 9 19(x12-9x20-7) 
	1 : 0 14(x2-11x13-12) 2 10 
	2 : 1 11(x14-1x12-9) 3 10 
	3 : 2 16(x4-13x6-15) 4 10 
	4 : 3 13(x16-3) 5 10 
	5 : 4 18(x6-15) 6 10 
	6 : 5 15(x18-5x16-3) 7 10 
	7 : 6 20(x8-17x0-19) 8 10 
	8 : 7 17(x20-7x19-18) 9 10 
	9 : 8 12(x0-19x2-11) 0 10 
	10 : 0 1 2 3 4 5 6 7 8 9 
	11 : 20 12 2(x9-12x1-14) 
	12 : 11 13(x1-14) 9(x11-2x19-0) 
	13 : 12(x14-1) 14 4(x3-16) 
	14 : 13 1(x12-13x11-2) 15 
	15 : 14 16 6(x3-16x5-18) 
	16 : 15 17 3(x15-6x13-4) 
	17 : 16 8(x18-19x7-20) 18 
	18 : 17 19(x8-17) 5(x15-6) 
	19 : 0(x7-20x9-12) 18(x17-8) 20 
	20 : 19 11 7(x19-0x17-8) 
}

Drawing #16:
{ #vertices = 21, #edges = 40, #halfedges = 120, #crossings = 10
	0 : 1 10 9 19(x12-9) 
	1 : 0 14(x2-11x4-13) 2 10 
	2 : 1 11(x14-1) 3 10 
	3 : 2 16(x4-13x15-14) 4 10 
	4 : 3 13(x16-3x14-1) 5 10 
	5 : 4 18(x6-15) 6 10 
	6 : 5 15(x18-5) 7 10 
	7 : 6 20(x19-18x8-17) 8 10 
	8 : 7 17(x19-18x20-7) 9 10 
	9 : 8 12(x0-19x11-20) 0 10 
	10 : 0 1 2 3 4 5 6 7 8 9 
	11 : 20(x12-9) 12 2(x1-14) 
	12 : 11 9(x20-11x19-0) 13 
	13 : 12 14 4(x1-14x3-16) 
	14 : 13 15(x3-16) 1(x13-4x11-2) 
	15 : 14(x16-3) 16 6(x5-18) 
	16 : 15 3(x14-15x13-4) 17 
	17 : 16 8(x7-20x18-19) 18 
	18 : 17 19(x7-20x8-17) 5(x15-6) 
	19 : 0(x9-12) 18(x17-8x20-7) 20 
	20 : 19 7(x17-8x18-19) 11(x9-12) 
}

Drawing #17:
{ #vertices = 21, #edges = 40, #halfedges = 120, #crossings = 10
	0 : 1 10 9 19(x12-9) 
	1 : 0 14(x2-11x4-13) 2 10 
	2 : 1 11(x14-1x12-9) 3 10 
	3 : 2 16(x4-13x15-14) 4 10 
	4 : 3 13(x16-3x14-1) 5 10 
	5 : 4 18(x6-15) 6 10 
	6 : 5 15(x18-5) 7 10 
	7 : 6 20(x19-18x8-17) 8 10 
	8 : 7 17(x19-18x20-7) 9 10 
	9 : 8 12(x0-19x2-11) 0 10 
	10 : 0 1 2 3 4 5 6 7 8 9 
	11 : 20 12 2(x9-12x1-14) 
	12 : 11 13 9(x11-2x19-0) 
	13 : 12 14 4(x1-14x3-16) 
	14 : 13 15(x3-16) 1(x13-4x11-2) 
	15 : 14(x16-3) 16 6(x5-18) 
	16 : 15 3(x14-15x13-4) 17 
	17 : 16 8(x7-20x18-19) 18 
	18 : 17 19(x7-20x8-17) 5(x15-6) 
	19 : 0(x9-12) 18(x17-8x20-7) 20 
	20 : 19 7(x17-8x18-19) 11 
}

--- Discard drawing #29, isomorphic to solution #16
--- Discard drawing #30, isomorphic to solution #17
Drawing #18:
{ #vertices = 21, #edges = 40, #halfedges = 120, #crossings = 10
	0 : 1 10 9 19(x12-9x20-7) 
	1 : 0 14(x2-11x4-13) 2 10 
	2 : 1 11(x14-1) 3 10 
	3 : 2 16(x4-13x15-14) 4 10 
	4 : 3 13(x16-3x14-1) 5 10 
	5 : 4 18(x6-15) 6 10 
	6 : 5 15(x18-5) 7 10 
	7 : 6 20(x8-17x0-19) 8 10 
	8 : 7 17(x20-7x19-18) 9 10 
	9 : 8 12(x0-19x11-20) 0 10 
	10 : 0 1 2 3 4 5 6 7 8 9 
	11 : 20(x12-9) 12 2(x1-14) 
	12 : 11 9(x20-11x19-0) 13 
	13 : 12 14 4(x1-14x3-16) 
	14 : 13 15(x3-16) 1(x13-4x11-2) 
	15 : 14(x16-3) 16 6(x5-18) 
	16 : 15 3(x14-15x13-4) 17 
	17 : 16 8(x18-19x7-20) 18 
	18 : 17 19(x8-17) 5(x15-6) 
	19 : 0(x7-20x9-12) 18(x17-8) 20 
	20 : 19 11(x9-12) 7(x19-0x17-8) 
}

Drawing #19:
{ #vertices = 21, #edges = 40, #halfedges = 120, #crossings = 10
	0 : 1 10 9 19(x12-9x20-7) 
	1 : 0 14(x2-11x4-13) 2 10 
	2 : 1 11(x14-1x12-9) 3 10 
	3 : 2 16(x4-13x15-14) 4 10 
	4 : 3 13(x16-3x14-1) 5 10 
	5 : 4 18(x6-15) 6 10 
	6 : 5 15(x18-5) 7 10 
	7 : 6 20(x8-17x0-19) 8 10 
	8 : 7 17(x20-7x19-18) 9 10 
	9 : 8 12(x0-19x2-11) 0 10 
	10 : 0 1 2 3 4 5 6 7 8 9 
	11 : 20 12 2(x9-12x1-14) 
	12 : 11 13 9(x11-2x19-0) 
	13 : 12 14 4(x1-14x3-16) 
	14 : 13 15(x3-16) 1(x13-4x11-2) 
	15 : 14(x16-3) 16 6(x5-18) 
	16 : 15 3(x14-15x13-4) 17 
	17 : 16 8(x18-19x7-20) 18 
	18 : 17 19(x8-17) 5(x15-6) 
	19 : 0(x7-20x9-12) 18(x17-8) 20 
	20 : 19 11 7(x19-0x17-8) 
}

Drawing #20:
{ #vertices = 21, #edges = 40, #halfedges = 120, #crossings = 10
	0 : 1 10 9 19(x12-9) 
	1 : 0 14(x2-11x4-13) 2 10 
	2 : 1 11(x14-1) 3 10 
	3 : 2 16(x4-13x6-15) 4 10 
	4 : 3 13(x16-3x14-1) 5 10 
	5 : 4 18(x6-15) 6 10 
	6 : 5 15(x18-5x16-3) 7 10 
	7 : 6 20(x19-18x8-17) 8 10 
	8 : 7 17(x19-18x20-7) 9 10 
	9 : 8 12(x0-19x11-20) 0 10 
	10 : 0 1 2 3 4 5 6 7 8 9 
	11 : 20(x12-9) 12 2(x1-14) 
	12 : 11 9(x20-11x19-0) 13 
	13 : 12 14 4(x1-14x3-16) 
	14 : 13 15 1(x13-4x11-2) 
	15 : 14 16 6(x3-16x5-18) 
	16 : 15 17 3(x15-6x13-4) 
	17 : 16 8(x7-20x18-19) 18 
	18 : 17 19(x7-20x8-17) 5(x15-6) 
	19 : 0(x9-12) 18(x17-8x20-7) 20 
	20 : 19 7(x17-8x18-19) 11(x9-12) 
}

Drawing #21:
{ #vertices = 21, #edges = 40, #halfedges = 120, #crossings = 10
	0 : 1 10 9 19(x12-9) 
	1 : 0 14(x2-11x4-13) 2 10 
	2 : 1 11(x14-1x12-9) 3 10 
	3 : 2 16(x4-13x6-15) 4 10 
	4 : 3 13(x16-3x14-1) 5 10 
	5 : 4 18(x6-15) 6 10 
	6 : 5 15(x18-5x16-3) 7 10 
	7 : 6 20(x19-18x8-17) 8 10 
	8 : 7 17(x19-18x20-7) 9 10 
	9 : 8 12(x0-19x2-11) 0 10 
	10 : 0 1 2 3 4 5 6 7 8 9 
	11 : 20 12 2(x9-12x1-14) 
	12 : 11 13 9(x11-2x19-0) 
	13 : 12 14 4(x1-14x3-16) 
	14 : 13 15 1(x13-4x11-2) 
	15 : 14 16 6(x3-16x5-18) 
	16 : 15 17 3(x15-6x13-4) 
	17 : 16 8(x7-20x18-19) 18 
	18 : 17 19(x7-20x8-17) 5(x15-6) 
	19 : 0(x9-12) 18(x17-8x20-7) 20 
	20 : 19 7(x17-8x18-19) 11 
}

--- Discard drawing #31, isomorphic to solution #20
--- Discard drawing #32, isomorphic to solution #21
Drawing #22:
{ #vertices = 21, #edges = 40, #halfedges = 120, #crossings = 10
	0 : 1 10 9 19(x12-9x20-7) 
	1 : 0 14(x2-11x4-13) 2 10 
	2 : 1 11(x14-1) 3 10 
	3 : 2 16(x4-13x6-15) 4 10 
	4 : 3 13(x16-3x14-1) 5 10 
	5 : 4 18(x6-15) 6 10 
	6 : 5 15(x18-5x16-3) 7 10 
	7 : 6 20(x8-17x0-19) 8 10 
	8 : 7 17(x20-7x19-18) 9 10 
	9 : 8 12(x0-19x11-20) 0 10 
	10 : 0 1 2 3 4 5 6 7 8 9 
	11 : 20(x12-9) 12 2(x1-14) 
	12 : 11 9(x20-11x19-0) 13 
	13 : 12 14 4(x1-14x3-16) 
	14 : 13 15 1(x13-4x11-2) 
	15 : 14 16 6(x3-16x5-18) 
	16 : 15 17 3(x15-6x13-4) 
	17 : 16 8(x18-19x7-20) 18 
	18 : 17 19(x8-17) 5(x15-6) 
	19 : 0(x7-20x9-12) 18(x17-8) 20 
	20 : 19 11(x9-12) 7(x19-0x17-8) 
}

Drawing #23:
{ #vertices = 21, #edges = 40, #halfedges = 120, #crossings = 10
	0 : 1 10 9 19(x12-9x20-7) 
	1 : 0 14(x2-11x4-13) 2 10 
	2 : 1 11(x14-1x12-9) 3 10 
	3 : 2 16(x4-13x6-15) 4 10 
	4 : 3 13(x16-3x14-1) 5 10 
	5 : 4 18(x6-15) 6 10 
	6 : 5 15(x18-5x16-3) 7 10 
	7 : 6 20(x8-17x0-19) 8 10 
	8 : 7 17(x20-7x19-18) 9 10 
	9 : 8 12(x0-19x2-11) 0 10 
	10 : 0 1 2 3 4 5 6 7 8 9 
	11 : 20 12 2(x9-12x1-14) 
	12 : 11 13 9(x11-2x19-0) 
	13 : 12 14 4(x1-14x3-16) 
	14 : 13 15 1(x13-4x11-2) 
	15 : 14 16 6(x3-16x5-18) 
	16 : 15 17 3(x15-6x13-4) 
	17 : 16 8(x18-19x7-20) 18 
	18 : 17 19(x8-17) 5(x15-6) 
	19 : 0(x7-20x9-12) 18(x17-8) 20 
	20 : 19 11 7(x19-0x17-8) 
}

--- Discard drawing #33, isomorphic to solution #8
--- Discard drawing #34, isomorphic to solution #16
--- Discard drawing #35, isomorphic to solution #9
--- Discard drawing #36, isomorphic to solution #17
--- Discard drawing #37, isomorphic to solution #8
--- Discard drawing #38, isomorphic to solution #16
--- Discard drawing #39, isomorphic to solution #9
--- Discard drawing #40, isomorphic to solution #17
--- Discard drawing #41, isomorphic to solution #10
--- Discard drawing #42, isomorphic to solution #18
--- Discard drawing #43, isomorphic to solution #11
--- Discard drawing #44, isomorphic to solution #19
--- Discard drawing #45, isomorphic to solution #12
--- Discard drawing #46, isomorphic to solution #20
--- Discard drawing #47, isomorphic to solution #13
--- Discard drawing #48, isomorphic to solution #21
--- Discard drawing #49, isomorphic to solution #12
--- Discard drawing #50, isomorphic to solution #20
--- Discard drawing #51, isomorphic to solution #13
--- Discard drawing #52, isomorphic to solution #21
--- Discard drawing #53, isomorphic to solution #14
--- Discard drawing #54, isomorphic to solution #22
--- Discard drawing #55, isomorphic to solution #15
--- Discard drawing #56, isomorphic to solution #23
Drawing #24:
{ #vertices = 21, #edges = 40, #halfedges = 120, #crossings = 10
	0 : 1 10 9 19(x12-9) 
	1 : 0 14(x2-11x13-12) 2 10 
	2 : 1 11(x14-1) 3 10 
	3 : 2 16(x4-13) 4 10 
	4 : 3 13(x16-3) 5 10 
	5 : 4 18(x6-15) 6 10 
	6 : 5 15(x18-5x17-16) 7 10 
	7 : 6 20(x19-18x8-17) 8 10 
	8 : 7 17(x19-18x20-7) 9 10 
	9 : 8 12(x0-19x11-20) 0 10 
	10 : 0 1 2 3 4 5 6 7 8 9 
	11 : 20(x12-9) 12 2(x1-14) 
	12 : 11 9(x20-11x19-0) 13(x1-14) 
	13 : 12(x14-1) 14 4(x3-16) 
	14 : 13 1(x12-13x11-2) 15 
	15 : 14 6(x16-17x5-18) 16 
	16 : 15 17(x6-15) 3(x13-4) 
	17 : 16(x15-6) 8(x7-20x18-19) 18 
	18 : 17 19(x7-20x8-17) 5(x15-6) 
	19 : 0(x9-12) 18(x17-8x20-7) 20 
	20 : 19 7(x17-8x18-19) 11(x9-12) 
}

Drawing #25:
{ #vertices = 21, #edges = 40, #halfedges = 120, #crossings = 10
	0 : 1 10 9 19(x12-9) 
	1 : 0 14(x2-11x13-12) 2 10 
	2 : 1 11(x14-1x12-9) 3 10 
	3 : 2 16(x4-13) 4 10 
	4 : 3 13(x16-3) 5 10 
	5 : 4 18(x6-15) 6 10 
	6 : 5 15(x18-5x17-16) 7 10 
	7 : 6 20(x19-18x8-17) 8 10 
	8 : 7 17(x19-18x20-7) 9 10 
	9 : 8 12(x0-19x2-11) 0 10 
	10 : 0 1 2 3 4 5 6 7 8 9 
	11 : 20 12 2(x9-12x1-14) 
	12 : 11 13(x1-14) 9(x11-2x19-0) 
	13 : 12(x14-1) 14 4(x3-16) 
	14 : 13 1(x12-13x11-2) 15 
	15 : 14 6(x16-17x5-18) 16 
	16 : 15 17(x6-15) 3(x13-4) 
	17 : 16(x15-6) 8(x7-20x18-19) 18 
	18 : 17 19(x7-20x8-17) 5(x15-6) 
	19 : 0(x9-12) 18(x17-8x20-7) 20 
	20 : 19 7(x17-8x18-19) 11 
}

--- Discard drawing #57, isomorphic to solution #24
--- Discard drawing #58, isomorphic to solution #25
Drawing #26:
{ #vertices = 21, #edges = 40, #halfedges = 120, #crossings = 10
	0 : 1 10 9 19(x12-9x20-7) 
	1 : 0 14(x2-11x13-12) 2 10 
	2 : 1 11(x14-1) 3 10 
	3 : 2 16(x4-13) 4 10 
	4 : 3 13(x16-3) 5 10 
	5 : 4 18(x6-15) 6 10 
	6 : 5 15(x18-5x17-16) 7 10 
	7 : 6 20(x8-17x0-19) 8 10 
	8 : 7 17(x20-7x19-18) 9 10 
	9 : 8 12(x0-19x11-20) 0 10 
	10 : 0 1 2 3 4 5 6 7 8 9 
	11 : 20(x12-9) 12 2(x1-14) 
	12 : 11 9(x20-11x19-0) 13(x1-14) 
	13 : 12(x14-1) 14 4(x3-16) 
	14 : 13 1(x12-13x11-2) 15 
	15 : 14 6(x16-17x5-18) 16 
	16 : 15 17(x6-15) 3(x13-4) 
	17 : 16(x15-6) 8(x18-19x7-20) 18 
	18 : 17 19(x8-17) 5(x15-6) 
	19 : 0(x7-20x9-12) 18(x17-8) 20 
	20 : 19 11(x9-12) 7(x19-0x17-8) 
}

Drawing #27:
{ #vertices = 21, #edges = 40, #halfedges = 120, #crossings = 10
	0 : 1 10 9 19(x12-9x20-7) 
	1 : 0 14(x2-11x13-12) 2 10 
	2 : 1 11(x14-1x12-9) 3 10 
	3 : 2 16(x4-13) 4 10 
	4 : 3 13(x16-3) 5 10 
	5 : 4 18(x6-15) 6 10 
	6 : 5 15(x18-5x17-16) 7 10 
	7 : 6 20(x8-17x0-19) 8 10 
	8 : 7 17(x20-7x19-18) 9 10 
	9 : 8 12(x0-19x2-11) 0 10 
	10 : 0 1 2 3 4 5 6 7 8 9 
	11 : 20 12 2(x9-12x1-14) 
	12 : 11 13(x1-14) 9(x11-2x19-0) 
	13 : 12(x14-1) 14 4(x3-16) 
	14 : 13 1(x12-13x11-2) 15 
	15 : 14 6(x16-17x5-18) 16 
	16 : 15 17(x6-15) 3(x13-4) 
	17 : 16(x15-6) 8(x18-19x7-20) 18 
	18 : 17 19(x8-17) 5(x15-6) 
	19 : 0(x7-20x9-12) 18(x17-8) 20 
	20 : 19 11 7(x19-0x17-8) 
}

Drawing #28:
{ #vertices = 21, #edges = 40, #halfedges = 120, #crossings = 10
	0 : 1 10 9 19(x12-9) 
	1 : 0 14(x2-11x4-13) 2 10 
	2 : 1 11(x14-1) 3 10 
	3 : 2 16(x4-13) 4 10 
	4 : 3 13(x16-3x14-1) 5 10 
	5 : 4 18(x6-15) 6 10 
	6 : 5 15(x18-5x17-16) 7 10 
	7 : 6 20(x19-18x8-17) 8 10 
	8 : 7 17(x19-18x20-7) 9 10 
	9 : 8 12(x0-19x11-20) 0 10 
	10 : 0 1 2 3 4 5 6 7 8 9 
	11 : 20(x12-9) 12 2(x1-14) 
	12 : 11 9(x20-11x19-0) 13 
	13 : 12 14 4(x1-14x3-16) 
	14 : 13 15 1(x13-4x11-2) 
	15 : 14 6(x16-17x5-18) 16 
	16 : 15 17(x6-15) 3(x13-4) 
	17 : 16(x15-6) 8(x7-20x18-19) 18 
	18 : 17 19(x7-20x8-17) 5(x15-6) 
	19 : 0(x9-12) 18(x17-8x20-7) 20 
	20 : 19 7(x17-8x18-19) 11(x9-12) 
}

Drawing #29:
{ #vertices = 21, #edges = 40, #halfedges = 120, #crossings = 10
	0 : 1 10 9 19(x12-9) 
	1 : 0 14(x2-11x4-13) 2 10 
	2 : 1 11(x14-1x12-9) 3 10 
	3 : 2 16(x4-13) 4 10 
	4 : 3 13(x16-3x14-1) 5 10 
	5 : 4 18(x6-15) 6 10 
	6 : 5 15(x18-5x17-16) 7 10 
	7 : 6 20(x19-18x8-17) 8 10 
	8 : 7 17(x19-18x20-7) 9 10 
	9 : 8 12(x0-19x2-11) 0 10 
	10 : 0 1 2 3 4 5 6 7 8 9 
	11 : 20 12 2(x9-12x1-14) 
	12 : 11 13 9(x11-2x19-0) 
	13 : 12 14 4(x1-14x3-16) 
	14 : 13 15 1(x13-4x11-2) 
	15 : 14 6(x16-17x5-18) 16 
	16 : 15 17(x6-15) 3(x13-4) 
	17 : 16(x15-6) 8(x7-20x18-19) 18 
	18 : 17 19(x7-20x8-17) 5(x15-6) 
	19 : 0(x9-12) 18(x17-8x20-7) 20 
	20 : 19 7(x17-8x18-19) 11 
}

--- Discard drawing #59, isomorphic to solution #28
--- Discard drawing #60, isomorphic to solution #29
Drawing #30:
{ #vertices = 21, #edges = 40, #halfedges = 120, #crossings = 10
	0 : 1 10 9 19(x12-9x20-7) 
	1 : 0 14(x2-11x4-13) 2 10 
	2 : 1 11(x14-1) 3 10 
	3 : 2 16(x4-13) 4 10 
	4 : 3 13(x16-3x14-1) 5 10 
	5 : 4 18(x6-15) 6 10 
	6 : 5 15(x18-5x17-16) 7 10 
	7 : 6 20(x8-17x0-19) 8 10 
	8 : 7 17(x20-7x19-18) 9 10 
	9 : 8 12(x0-19x11-20) 0 10 
	10 : 0 1 2 3 4 5 6 7 8 9 
	11 : 20(x12-9) 12 2(x1-14) 
	12 : 11 9(x20-11x19-0) 13 
	13 : 12 14 4(x1-14x3-16) 
	14 : 13 15 1(x13-4x11-2) 
	15 : 14 6(x16-17x5-18) 16 
	16 : 15 17(x6-15) 3(x13-4) 
	17 : 16(x15-6) 8(x18-19x7-20) 18 
	18 : 17 19(x8-17) 5(x15-6) 
	19 : 0(x7-20x9-12) 18(x17-8) 20 
	20 : 19 11(x9-12) 7(x19-0x17-8) 
}

Drawing #31:
{ #vertices = 21, #edges = 40, #halfedges = 120, #crossings = 10
	0 : 1 10 9 19(x12-9x20-7) 
	1 : 0 14(x2-11x4-13) 2 10 
	2 : 1 11(x14-1x12-9) 3 10 
	3 : 2 16(x4-13) 4 10 
	4 : 3 13(x16-3x14-1) 5 10 
	5 : 4 18(x6-15) 6 10 
	6 : 5 15(x18-5x17-16) 7 10 
	7 : 6 20(x8-17x0-19) 8 10 
	8 : 7 17(x20-7x19-18) 9 10 
	9 : 8 12(x0-19x2-11) 0 10 
	10 : 0 1 2 3 4 5 6 7 8 9 
	11 : 20 12 2(x9-12x1-14) 
	12 : 11 13 9(x11-2x19-0) 
	13 : 12 14 4(x1-14x3-16) 
	14 : 13 15 1(x13-4x11-2) 
	15 : 14 6(x16-17x5-18) 16 
	16 : 15 17(x6-15) 3(x13-4) 
	17 : 16(x15-6) 8(x18-19x7-20) 18 
	18 : 17 19(x8-17) 5(x15-6) 
	19 : 0(x7-20x9-12) 18(x17-8) 20 
	20 : 19 11 7(x19-0x17-8) 
}

--- Discard drawing #61, isomorphic to solution #8
--- Discard drawing #62, isomorphic to solution #12
--- Discard drawing #63, isomorphic to solution #16
--- Discard drawing #64, isomorphic to solution #20
--- Discard drawing #65, isomorphic to solution #9
--- Discard drawing #66, isomorphic to solution #13
--- Discard drawing #67, isomorphic to solution #17
--- Discard drawing #68, isomorphic to solution #21
--- Discard drawing #69, isomorphic to solution #8
--- Discard drawing #70, isomorphic to solution #12
--- Discard drawing #71, isomorphic to solution #16
--- Discard drawing #72, isomorphic to solution #20
--- Discard drawing #73, isomorphic to solution #9
--- Discard drawing #74, isomorphic to solution #13
--- Discard drawing #75, isomorphic to solution #17
--- Discard drawing #76, isomorphic to solution #21
--- Discard drawing #77, isomorphic to solution #10
--- Discard drawing #78, isomorphic to solution #14
--- Discard drawing #79, isomorphic to solution #18
--- Discard drawing #80, isomorphic to solution #22
--- Discard drawing #81, isomorphic to solution #11
--- Discard drawing #82, isomorphic to solution #15
--- Discard drawing #83, isomorphic to solution #19
--- Discard drawing #84, isomorphic to solution #23
Drawing #32:
{ #vertices = 21, #edges = 40, #halfedges = 120, #crossings = 10
	0 : 1 10 9 19(x12-9) 
	1 : 0 14(x2-11) 2 10 
	2 : 1 11(x14-1) 3 10 
	3 : 2 16(x15-14x4-13) 4 10 
	4 : 3 13(x15-14x16-3) 5 10 
	5 : 4 18(x6-15) 6 10 
	6 : 5 15(x18-5) 7 10 
	7 : 6 20(x19-18x8-17) 8 10 
	8 : 7 17(x19-18x20-7) 9 10 
	9 : 8 12(x0-19x11-20) 0 10 
	10 : 0 1 2 3 4 5 6 7 8 9 
	11 : 20(x12-9) 12 2(x1-14) 
	12 : 11 9(x20-11x19-0) 13 
	13 : 12 4(x3-16x14-15) 14 
	14 : 13 15(x3-16x4-13) 1(x11-2) 
	15 : 14(x13-4x16-3) 16 6(x5-18) 
	16 : 15 3(x13-4x14-15) 17 
	17 : 16 8(x7-20x18-19) 18 
	18 : 17 19(x7-20x8-17) 5(x15-6) 
	19 : 0(x9-12) 18(x17-8x20-7) 20 
	20 : 19 7(x17-8x18-19) 11(x9-12) 
}

Drawing #33:
{ #vertices = 21, #edges = 40, #halfedges = 120, #crossings = 10
	0 : 1 10 9 19(x12-9) 
	1 : 0 14(x2-11) 2 10 
	2 : 1 11(x14-1x12-9) 3 10 
	3 : 2 16(x15-14x4-13) 4 10 
	4 : 3 13(x15-14x16-3) 5 10 
	5 : 4 18(x6-15) 6 10 
	6 : 5 15(x18-5) 7 10 
	7 : 6 20(x19-18x8-17) 8 10 
	8 : 7 17(x19-18x20-7) 9 10 
	9 : 8 12(x0-19x2-11) 0 10 
	10 : 0 1 2 3 4 5 6 7 8 9 
	11 : 20 12 2(x9-12x1-14) 
	12 : 11 13 9(x11-2x19-0) 
	13 : 12 4(x3-16x14-15) 14 
	14 : 13 15(x3-16x4-13) 1(x11-2) 
	15 : 14(x13-4x16-3) 16 6(x5-18) 
	16 : 15 3(x13-4x14-15) 17 
	17 : 16 8(x7-20x18-19) 18 
	18 : 17 19(x7-20x8-17) 5(x15-6) 
	19 : 0(x9-12) 18(x17-8x20-7) 20 
	20 : 19 7(x17-8x18-19) 11 
}

--- Discard drawing #85, isomorphic to solution #32
--- Discard drawing #86, isomorphic to solution #33
Drawing #34:
{ #vertices = 21, #edges = 40, #halfedges = 120, #crossings = 10
	0 : 1 10 9 19(x12-9x20-7) 
	1 : 0 14(x2-11) 2 10 
	2 : 1 11(x14-1) 3 10 
	3 : 2 16(x15-14x4-13) 4 10 
	4 : 3 13(x15-14x16-3) 5 10 
	5 : 4 18(x6-15) 6 10 
	6 : 5 15(x18-5) 7 10 
	7 : 6 20(x8-17x0-19) 8 10 
	8 : 7 17(x20-7x19-18) 9 10 
	9 : 8 12(x0-19x11-20) 0 10 
	10 : 0 1 2 3 4 5 6 7 8 9 
	11 : 20(x12-9) 12 2(x1-14) 
	12 : 11 9(x20-11x19-0) 13 
	13 : 12 4(x3-16x14-15) 14 
	14 : 13 15(x3-16x4-13) 1(x11-2) 
	15 : 14(x13-4x16-3) 16 6(x5-18) 
	16 : 15 3(x13-4x14-15) 17 
	17 : 16 8(x18-19x7-20) 18 
	18 : 17 19(x8-17) 5(x15-6) 
	19 : 0(x7-20x9-12) 18(x17-8) 20 
	20 : 19 11(x9-12) 7(x19-0x17-8) 
}

Drawing #35:
{ #vertices = 21, #edges = 40, #halfedges = 120, #crossings = 10
	0 : 1 10 9 19(x12-9x20-7) 
	1 : 0 14(x2-11) 2 10 
	2 : 1 11(x14-1x12-9) 3 10 
	3 : 2 16(x15-14x4-13) 4 10 
	4 : 3 13(x15-14x16-3) 5 10 
	5 : 4 18(x6-15) 6 10 
	6 : 5 15(x18-5) 7 10 
	7 : 6 20(x8-17x0-19) 8 10 
	8 : 7 17(x20-7x19-18) 9 10 
	9 : 8 12(x0-19x2-11) 0 10 
	10 : 0 1 2 3 4 5 6 7 8 9 
	11 : 20 12 2(x9-12x1-14) 
	12 : 11 13 9(x11-2x19-0) 
	13 : 12 4(x3-16x14-15) 14 
	14 : 13 15(x3-16x4-13) 1(x11-2) 
	15 : 14(x13-4x16-3) 16 6(x5-18) 
	16 : 15 3(x13-4x14-15) 17 
	17 : 16 8(x18-19x7-20) 18 
	18 : 17 19(x8-17) 5(x15-6) 
	19 : 0(x7-20x9-12) 18(x17-8) 20 
	20 : 19 11 7(x19-0x17-8) 
}

--- Discard drawing #87, isomorphic to solution #32
--- Discard drawing #88, isomorphic to solution #33
--- Discard drawing #89, isomorphic to solution #32
--- Discard drawing #90, isomorphic to solution #33
--- Discard drawing #91, isomorphic to solution #34
--- Discard drawing #92, isomorphic to solution #35
Drawing #36:
{ #vertices = 21, #edges = 40, #halfedges = 120, #crossings = 10
	0 : 1 10 9 19(x12-9) 
	1 : 0 14(x2-11) 2 10 
	2 : 1 11(x14-1) 3 10 
	3 : 2 16(x4-13x6-15) 4 10 
	4 : 3 13(x16-3x15-14) 5 10 
	5 : 4 18(x6-15) 6 10 
	6 : 5 15(x18-5x16-3) 7 10 
	7 : 6 20(x19-18x8-17) 8 10 
	8 : 7 17(x19-18x20-7) 9 10 
	9 : 8 12(x0-19x11-20) 0 10 
	10 : 0 1 2 3 4 5 6 7 8 9 
	11 : 20(x12-9) 12 2(x1-14) 
	12 : 11 9(x20-11x19-0) 13 
	13 : 12 4(x14-15x3-16) 14 
	14 : 13 15(x4-13) 1(x11-2) 
	15 : 14(x13-4) 16 6(x3-16x5-18) 
	16 : 15 17 3(x15-6x13-4) 
	17 : 16 8(x7-20x18-19) 18 
	18 : 17 19(x7-20x8-17) 5(x15-6) 
	19 : 0(x9-12) 18(x17-8x20-7) 20 
	20 : 19 7(x17-8x18-19) 11(x9-12) 
}

Drawing #37:
{ #vertices = 21, #edges = 40, #halfedges = 120, #crossings = 10
	0 : 1 10 9 19(x12-9) 
	1 : 0 14(x2-11) 2 10 
	2 : 1 11(x14-1x12-9) 3 10 
	3 : 2 16(x4-13x6-15) 4 10 
	4 : 3 13(x16-3x15-14) 5 10 
	5 : 4 18(x6-15) 6 10 
	6 : 5 15(x18-5x16-3) 7 10 
	7 : 6 20(x19-18x8-17) 8 10 
	8 : 7 17(x19-18x20-7) 9 10 
	9 : 8 12(x0-19x2-11) 0 10 
	10 : 0 1 2 3 4 5 6 7 8 9 
	11 : 20 12 2(x9-12x1-14) 
	12 : 11 13 9(x11-2x19-0) 
	13 : 12 4(x14-15x3-16) 14 
	14 : 13 15(x4-13) 1(x11-2) 
	15 : 14(x13-4) 16 6(x3-16x5-18) 
	16 : 15 17 3(x15-6x13-4) 
	17 : 16 8(x7-20x18-19) 18 
	18 : 17 19(x7-20x8-17) 5(x15-6) 
	19 : 0(x9-12) 18(x17-8x20-7) 20 
	20 : 19 7(x17-8x18-19) 11 
}

--- Discard drawing #93, isomorphic to solution #36
--- Discard drawing #94, isomorphic to solution #37
Drawing #38:
{ #vertices = 21, #edges = 40, #halfedges = 120, #crossings = 10
	0 : 1 10 9 19(x12-9x20-7) 
	1 : 0 14(x2-11) 2 10 
	2 : 1 11(x14-1) 3 10 
	3 : 2 16(x4-13x6-15) 4 10 
	4 : 3 13(x16-3x15-14) 5 10 
	5 : 4 18(x6-15) 6 10 
	6 : 5 15(x18-5x16-3) 7 10 
	7 : 6 20(x8-17x0-19) 8 10 
	8 : 7 17(x20-7x19-18) 9 10 
	9 : 8 12(x0-19x11-20) 0 10 
	10 : 0 1 2 3 4 5 6 7 8 9 
	11 : 20(x12-9) 12 2(x1-14) 
	12 : 11 9(x20-11x19-0) 13 
	13 : 12 4(x14-15x3-16) 14 
	14 : 13 15(x4-13) 1(x11-2) 
	15 : 14(x13-4) 16 6(x3-16x5-18) 
	16 : 15 17 3(x15-6x13-4) 
	17 : 16 8(x18-19x7-20) 18 
	18 : 17 19(x8-17) 5(x15-6) 
	19 : 0(x7-20x9-12) 18(x17-8) 20 
	20 : 19 11(x9-12) 7(x19-0x17-8) 
}

Drawing #39:
{ #vertices = 21, #edges = 40, #halfedges = 120, #crossings = 10
	0 : 1 10 9 19(x12-9x20-7) 
	1 : 0 14(x2-11) 2 10 
	2 : 1 11(x14-1x12-9) 3 10 
	3 : 2 16(x4-13x6-15) 4 10 
	4 : 3 13(x16-3x15-14) 5 10 
	5 : 4 18(x6-15) 6 10 
	6 : 5 15(x18-5x16-3) 7 10 
	7 : 6 20(x8-17x0-19) 8 10 
	8 : 7 17(x20-7x19-18) 9 10 
	9 : 8 12(x0-19x2-11) 0 10 
	10 : 0 1 2 3 4 5 6 7 8 9 
	11 : 20 12 2(x9-12x1-14) 
	12 : 11 13 9(x11-2x19-0) 
	13 : 12 4(x14-15x3-16) 14 
	14 : 13 15(x4-13) 1(x11-2) 
	15 : 14(x13-4) 16 6(x3-16x5-18) 
	16 : 15 17 3(x15-6x13-4) 
	17 : 16 8(x18-19x7-20) 18 
	18 : 17 19(x8-17) 5(x15-6) 
	19 : 0(x7-20x9-12) 18(x17-8) 20 
	20 : 19 11 7(x19-0x17-8) 
}

Drawing #40:
{ #vertices = 21, #edges = 40, #halfedges = 120, #crossings = 10
	0 : 1 10 9 19(x12-9x17-8) 
	1 : 0 14(x2-11x3-16) 2 10 
	2 : 1 11(x14-1) 3 10 
	3 : 2 16(x14-1x13-12) 4 10 
	4 : 3 13(x15-14) 5 10 
	5 : 4 18(x6-15) 6 10 
	6 : 5 15(x18-5) 7 10 
	7 : 6 20(x19-18) 8 10 
	8 : 7 17(x0-19x11-20) 9 10 
	9 : 8 12(x0-19x11-20) 0 10 
	10 : 0 1 2 3 4 5 6 7 8 9 
	11 : 20(x12-9x17-8) 12 2(x1-14) 
	12 : 11 9(x20-11x19-0) 13(x3-16) 
	13 : 12(x16-3) 4(x14-15) 14 
	14 : 13 15(x4-13) 1(x16-3x11-2) 
	15 : 14(x13-4) 16 6(x5-18) 
	16 : 15 3(x12-13x1-14) 17 
	17 : 16 8(x20-11x19-0) 18 
	18 : 17 19(x7-20) 5(x15-6) 
	19 : 0(x8-17x9-12) 18(x20-7) 20 
	20 : 19 7(x18-19) 11(x8-17x9-12) 
}

Drawing #41:
{ #vertices = 21, #edges = 40, #halfedges = 120, #crossings = 10
	0 : 1 10 9 19(x12-9x17-8) 
	1 : 0 14(x2-11x3-16) 2 10 
	2 : 1 11(x14-1x12-9) 3 10 
	3 : 2 16(x14-1x13-12) 4 10 
	4 : 3 13(x15-14) 5 10 
	5 : 4 18(x6-15) 6 10 
	6 : 5 15(x18-5) 7 10 
	7 : 6 20(x19-18) 8 10 
	8 : 7 17(x0-19x11-20) 9 10 
	9 : 8 12(x0-19x2-11) 0 10 
	10 : 0 1 2 3 4 5 6 7 8 9 
	11 : 20(x17-8) 12 2(x9-12x1-14) 
	12 : 11 13(x3-16) 9(x11-2x19-0) 
	13 : 12(x16-3) 4(x14-15) 14 
	14 : 13 15(x4-13) 1(x16-3x11-2) 
	15 : 14(x13-4) 16 6(x5-18) 
	16 : 15 3(x12-13x1-14) 17 
	17 : 16 8(x20-11x19-0) 18 
	18 : 17 19(x7-20) 5(x15-6) 
	19 : 0(x8-17x9-12) 18(x20-7) 20 
	20 : 19 7(x18-19) 11(x8-17) 
}

--- Discard drawing #95, isomorphic to solution #24
--- Discard drawing #96, isomorphic to solution #28
--- Discard drawing #97, isomorphic to solution #25
--- Discard drawing #98, isomorphic to solution #29
--- Discard drawing #99, isomorphic to solution #24
--- Discard drawing #100, isomorphic to solution #28
--- Discard drawing #101, isomorphic to solution #25
--- Discard drawing #102, isomorphic to solution #29
--- Discard drawing #103, isomorphic to solution #26
--- Discard drawing #104, isomorphic to solution #30
--- Discard drawing #105, isomorphic to solution #27
--- Discard drawing #106, isomorphic to solution #31
Drawing #42:
{ #vertices = 21, #edges = 40, #halfedges = 120, #crossings = 10
	0 : 1 10 9 19(x12-9) 
	1 : 0 14(x2-11) 2 10 
	2 : 1 11(x14-1) 3 10 
	3 : 2 16(x4-13) 4 10 
	4 : 3 13(x16-3x15-14) 5 10 
	5 : 4 18(x6-15) 6 10 
	6 : 5 15(x18-5x17-16) 7 10 
	7 : 6 20(x19-18x8-17) 8 10 
	8 : 7 17(x19-18x20-7) 9 10 
	9 : 8 12(x0-19x11-20) 0 10 
	10 : 0 1 2 3 4 5 6 7 8 9 
	11 : 20(x12-9) 12 2(x1-14) 
	12 : 11 9(x20-11x19-0) 13 
	13 : 12 4(x14-15x3-16) 14 
	14 : 13 15(x4-13) 1(x11-2) 
	15 : 14(x13-4) 6(x16-17x5-18) 16 
	16 : 15 17(x6-15) 3(x13-4) 
	17 : 16(x15-6) 8(x7-20x18-19) 18 
	18 : 17 19(x7-20x8-17) 5(x15-6) 
	19 : 0(x9-12) 18(x17-8x20-7) 20 
	20 : 19 7(x17-8x18-19) 11(x9-12) 
}

Drawing #43:
{ #vertices = 21, #edges = 40, #halfedges = 120, #crossings = 10
	0 : 1 10 9 19(x12-9) 
	1 : 0 14(x2-11) 2 10 
	2 : 1 11(x14-1x12-9) 3 10 
	3 : 2 16(x4-13) 4 10 
	4 : 3 13(x16-3x15-14) 5 10 
	5 : 4 18(x6-15) 6 10 
	6 : 5 15(x18-5x17-16) 7 10 
	7 : 6 20(x19-18x8-17) 8 10 
	8 : 7 17(x19-18x20-7) 9 10 
	9 : 8 12(x0-19x2-11) 0 10 
	10 : 0 1 2 3 4 5 6 7 8 9 
	11 : 20 12 2(x9-12x1-14) 
	12 : 11 13 9(x11-2x19-0) 
	13 : 12 4(x14-15x3-16) 14 
	14 : 13 15(x4-13) 1(x11-2) 
	15 : 14(x13-4) 6(x16-17x5-18) 16 
	16 : 15 17(x6-15) 3(x13-4) 
	17 : 16(x15-6) 8(x7-20x18-19) 18 
	18 : 17 19(x7-20x8-17) 5(x15-6) 
	19 : 0(x9-12) 18(x17-8x20-7) 20 
	20 : 19 7(x17-8x18-19) 11 
}

--- Discard drawing #107, isomorphic to solution #42
--- Discard drawing #108, isomorphic to solution #43
Drawing #44:
{ #vertices = 21, #edges = 40, #halfedges = 120, #crossings = 10
	0 : 1 10 9 19(x12-9x20-7) 
	1 : 0 14(x2-11) 2 10 
	2 : 1 11(x14-1) 3 10 
	3 : 2 16(x4-13) 4 10 
	4 : 3 13(x16-3x15-14) 5 10 
	5 : 4 18(x6-15) 6 10 
	6 : 5 15(x18-5x17-16) 7 10 
	7 : 6 20(x8-17x0-19) 8 10 
	8 : 7 17(x20-7x19-18) 9 10 
	9 : 8 12(x0-19x11-20) 0 10 
	10 : 0 1 2 3 4 5 6 7 8 9 
	11 : 20(x12-9) 12 2(x1-14) 
	12 : 11 9(x20-11x19-0) 13 
	13 : 12 4(x14-15x3-16) 14 
	14 : 13 15(x4-13) 1(x11-2) 
	15 : 14(x13-4) 6(x16-17x5-18) 16 
	16 : 15 17(x6-15) 3(x13-4) 
	17 : 16(x15-6) 8(x18-19x7-20) 18 
	18 : 17 19(x8-17) 5(x15-6) 
	19 : 0(x7-20x9-12) 18(x17-8) 20 
	20 : 19 11(x9-12) 7(x19-0x17-8) 
}

Drawing #45:
{ #vertices = 21, #edges = 40, #halfedges = 120, #crossings = 10
	0 : 1 10 9 19(x12-9x20-7) 
	1 : 0 14(x2-11) 2 10 
	2 : 1 11(x14-1x12-9) 3 10 
	3 : 2 16(x4-13) 4 10 
	4 : 3 13(x16-3x15-14) 5 10 
	5 : 4 18(x6-15) 6 10 
	6 : 5 15(x18-5x17-16) 7 10 
	7 : 6 20(x8-17x0-19) 8 10 
	8 : 7 17(x20-7x19-18) 9 10 
	9 : 8 12(x0-19x2-11) 0 10 
	10 : 0 1 2 3 4 5 6 7 8 9 
	11 : 20 12 2(x9-12x1-14) 
	12 : 11 13 9(x11-2x19-0) 
	13 : 12 4(x14-15x3-16) 14 
	14 : 13 15(x4-13) 1(x11-2) 
	15 : 14(x13-4) 6(x16-17x5-18) 16 
	16 : 15 17(x6-15) 3(x13-4) 
	17 : 16(x15-6) 8(x18-19x7-20) 18 
	18 : 17 19(x8-17) 5(x15-6) 
	19 : 0(x7-20x9-12) 18(x17-8) 20 
	20 : 19 11 7(x19-0x17-8) 
}

--- Discard drawing #109, isomorphic to solution #8
--- Discard drawing #110, isomorphic to solution #12
--- Discard drawing #111, isomorphic to solution #16
--- Discard drawing #112, isomorphic to solution #20
--- Discard drawing #113, isomorphic to solution #9
--- Discard drawing #114, isomorphic to solution #13
--- Discard drawing #115, isomorphic to solution #17
--- Discard drawing #116, isomorphic to solution #21
--- Discard drawing #117, isomorphic to solution #8
--- Discard drawing #118, isomorphic to solution #12
--- Discard drawing #119, isomorphic to solution #16
--- Discard drawing #120, isomorphic to solution #20
--- Discard drawing #121, isomorphic to solution #9
--- Discard drawing #122, isomorphic to solution #13
--- Discard drawing #123, isomorphic to solution #17
--- Discard drawing #124, isomorphic to solution #21
--- Discard drawing #125, isomorphic to solution #10
--- Discard drawing #126, isomorphic to solution #14
--- Discard drawing #127, isomorphic to solution #18
--- Discard drawing #128, isomorphic to solution #22
--- Discard drawing #129, isomorphic to solution #11
--- Discard drawing #130, isomorphic to solution #15
--- Discard drawing #131, isomorphic to solution #19
--- Discard drawing #132, isomorphic to solution #23
--- Discard drawing #133, isomorphic to solution #32
--- Discard drawing #134, isomorphic to solution #32
--- Discard drawing #135, isomorphic to solution #36
--- Discard drawing #136, isomorphic to solution #33
--- Discard drawing #137, isomorphic to solution #33
--- Discard drawing #138, isomorphic to solution #37
--- Discard drawing #139, isomorphic to solution #32
--- Discard drawing #140, isomorphic to solution #32
--- Discard drawing #141, isomorphic to solution #36
--- Discard drawing #142, isomorphic to solution #33
--- Discard drawing #143, isomorphic to solution #33
--- Discard drawing #144, isomorphic to solution #37
--- Discard drawing #145, isomorphic to solution #34
--- Discard drawing #146, isomorphic to solution #34
--- Discard drawing #147, isomorphic to solution #38
--- Discard drawing #148, isomorphic to solution #35
--- Discard drawing #149, isomorphic to solution #35
--- Discard drawing #150, isomorphic to solution #39
--- Discard drawing #151, isomorphic to solution #32
--- Discard drawing #152, isomorphic to solution #33
--- Discard drawing #153, isomorphic to solution #32
--- Discard drawing #154, isomorphic to solution #33
--- Discard drawing #155, isomorphic to solution #34
--- Discard drawing #156, isomorphic to solution #35
--- Discard drawing #157, isomorphic to solution #32
--- Discard drawing #158, isomorphic to solution #33
--- Discard drawing #159, isomorphic to solution #32
--- Discard drawing #160, isomorphic to solution #33
--- Discard drawing #161, isomorphic to solution #34
--- Discard drawing #162, isomorphic to solution #35
--- Discard drawing #163, isomorphic to solution #36
--- Discard drawing #164, isomorphic to solution #37
--- Discard drawing #165, isomorphic to solution #36
--- Discard drawing #166, isomorphic to solution #37
--- Discard drawing #167, isomorphic to solution #38
--- Discard drawing #168, isomorphic to solution #39
Drawing #46:
{ #vertices = 21, #edges = 40, #halfedges = 120, #crossings = 10
	0 : 1 10 9 19(x12-9) 
	1 : 0 14(x13-12x2-11) 2 10 
	2 : 1 11(x13-12x14-1) 3 10 
	3 : 2 16(x4-13) 4 10 
	4 : 3 13(x16-3) 5 10 
	5 : 4 18(x6-15) 6 10 
	6 : 5 15(x18-5x17-16) 7 10 
	7 : 6 20(x19-18x8-17) 8 10 
	8 : 7 17(x19-18x20-7) 9 10 
	9 : 8 12(x0-19) 0 10 
	10 : 0 1 2 3 4 5 6 7 8 9 
	11 : 20 2(x1-14x12-13) 12 
	12 : 11 13(x1-14x2-11) 9(x19-0) 
	13 : 12(x11-2x14-1) 14 4(x3-16) 
	14 : 13 1(x11-2x12-13) 15 
	15 : 14 6(x16-17x5-18) 16 
	16 : 15 17(x6-15) 3(x13-4) 
	17 : 16(x15-6) 8(x7-20x18-19) 18 
	18 : 17 19(x7-20x8-17) 5(x15-6) 
	19 : 0(x9-12) 18(x17-8x20-7) 20 
	20 : 19 7(x17-8x18-19) 11 
}

--- Discard drawing #169, isomorphic to solution #46
Drawing #47:
{ #vertices = 21, #edges = 40, #halfedges = 120, #crossings = 10
	0 : 1 10 9 19(x12-9x20-7) 
	1 : 0 14(x13-12x2-11) 2 10 
	2 : 1 11(x13-12x14-1) 3 10 
	3 : 2 16(x4-13) 4 10 
	4 : 3 13(x16-3) 5 10 
	5 : 4 18(x6-15) 6 10 
	6 : 5 15(x18-5x17-16) 7 10 
	7 : 6 20(x8-17x0-19) 8 10 
	8 : 7 17(x20-7x19-18) 9 10 
	9 : 8 12(x0-19) 0 10 
	10 : 0 1 2 3 4 5 6 7 8 9 
	11 : 20 2(x1-14x12-13) 12 
	12 : 11 13(x1-14x2-11) 9(x19-0) 
	13 : 12(x11-2x14-1) 14 4(x3-16) 
	14 : 13 1(x11-2x12-13) 15 
	15 : 14 6(x16-17x5-18) 16 
	16 : 15 17(x6-15) 3(x13-4) 
	17 : 16(x15-6) 8(x18-19x7-20) 18 
	18 : 17 19(x8-17) 5(x15-6) 
	19 : 0(x7-20x9-12) 18(x17-8) 20 
	20 : 19 11 7(x19-0x17-8) 
}

--- Discard drawing #170, isomorphic to solution #46
--- Discard drawing #171, isomorphic to solution #46
--- Discard drawing #172, isomorphic to solution #47
Drawing #48:
{ #vertices = 21, #edges = 40, #halfedges = 120, #crossings = 10
	0 : 1 10 9 19(x12-9) 
	1 : 0 14(x2-11x4-13) 2 10 
	2 : 1 11(x14-1x13-12) 3 10 
	3 : 2 16(x4-13) 4 10 
	4 : 3 13(x16-3x14-1) 5 10 
	5 : 4 18(x6-15) 6 10 
	6 : 5 15(x18-5x17-16) 7 10 
	7 : 6 20(x19-18x8-17) 8 10 
	8 : 7 17(x19-18x20-7) 9 10 
	9 : 8 12(x0-19) 0 10 
	10 : 0 1 2 3 4 5 6 7 8 9 
	11 : 20 2(x12-13x1-14) 12 
	12 : 11 13(x2-11) 9(x19-0) 
	13 : 12(x11-2) 14 4(x1-14x3-16) 
	14 : 13 15 1(x13-4x11-2) 
	15 : 14 6(x16-17x5-18) 16 
	16 : 15 17(x6-15) 3(x13-4) 
	17 : 16(x15-6) 8(x7-20x18-19) 18 
	18 : 17 19(x7-20x8-17) 5(x15-6) 
	19 : 0(x9-12) 18(x17-8x20-7) 20 
	20 : 19 7(x17-8x18-19) 11 
}

--- Discard drawing #173, isomorphic to solution #48
Drawing #49:
{ #vertices = 21, #edges = 40, #halfedges = 120, #crossings = 10
	0 : 1 10 9 19(x12-9x20-7) 
	1 : 0 14(x2-11x4-13) 2 10 
	2 : 1 11(x14-1x13-12) 3 10 
	3 : 2 16(x4-13) 4 10 
	4 : 3 13(x16-3x14-1) 5 10 
	5 : 4 18(x6-15) 6 10 
	6 : 5 15(x18-5x17-16) 7 10 
	7 : 6 20(x8-17x0-19) 8 10 
	8 : 7 17(x20-7x19-18) 9 10 
	9 : 8 12(x0-19) 0 10 
	10 : 0 1 2 3 4 5 6 7 8 9 
	11 : 20 2(x12-13x1-14) 12 
	12 : 11 13(x2-11) 9(x19-0) 
	13 : 12(x11-2) 14 4(x1-14x3-16) 
	14 : 13 15 1(x13-4x11-2) 
	15 : 14 6(x16-17x5-18) 16 
	16 : 15 17(x6-15) 3(x13-4) 
	17 : 16(x15-6) 8(x18-19x7-20) 18 
	18 : 17 19(x8-17) 5(x15-6) 
	19 : 0(x7-20x9-12) 18(x17-8) 20 
	20 : 19 11 7(x19-0x17-8) 
}

--- Discard drawing #174, isomorphic to solution #40
--- Discard drawing #175, isomorphic to solution #41
--- Discard drawing #176, isomorphic to solution #24
--- Discard drawing #177, isomorphic to solution #28
--- Discard drawing #178, isomorphic to solution #25
--- Discard drawing #179, isomorphic to solution #29
--- Discard drawing #180, isomorphic to solution #24
--- Discard drawing #181, isomorphic to solution #28
--- Discard drawing #182, isomorphic to solution #25
--- Discard drawing #183, isomorphic to solution #29
--- Discard drawing #184, isomorphic to solution #26
--- Discard drawing #185, isomorphic to solution #30
--- Discard drawing #186, isomorphic to solution #27
--- Discard drawing #187, isomorphic to solution #31
--- Discard drawing #188, isomorphic to solution #46
--- Discard drawing #189, isomorphic to solution #46
--- Discard drawing #190, isomorphic to solution #48
--- Discard drawing #191, isomorphic to solution #46
--- Discard drawing #192, isomorphic to solution #46
--- Discard drawing #193, isomorphic to solution #48
--- Discard drawing #194, isomorphic to solution #47
--- Discard drawing #195, isomorphic to solution #47
--- Discard drawing #196, isomorphic to solution #49
Drawing #50:
{ #vertices = 21, #edges = 40, #halfedges = 120, #crossings = 10
	0 : 1 10 9 19(x12-9x17-8) 
	1 : 0 14(x2-11x3-16) 2 10 
	2 : 1 11(x14-1x13-12) 3 10 
	3 : 2 16(x14-1x13-12) 4 10 
	4 : 3 13(x15-14) 5 10 
	5 : 4 18(x6-15) 6 10 
	6 : 5 15(x18-5) 7 10 
	7 : 6 20(x19-18) 8 10 
	8 : 7 17(x0-19x11-20) 9 10 
	9 : 8 12(x0-19) 0 10 
	10 : 0 1 2 3 4 5 6 7 8 9 
	11 : 20(x17-8) 2(x12-13x1-14) 12 
	12 : 11 13(x2-11x3-16) 9(x19-0) 
	13 : 12(x16-3x11-2) 4(x14-15) 14 
	14 : 13 15(x4-13) 1(x16-3x11-2) 
	15 : 14(x13-4) 16 6(x5-18) 
	16 : 15 3(x12-13x1-14) 17 
	17 : 16 8(x20-11x19-0) 18 
	18 : 17 19(x7-20) 5(x15-6) 
	19 : 0(x8-17x9-12) 18(x20-7) 20 
	20 : 19 7(x18-19) 11(x8-17) 
}

--- Discard drawing #197, isomorphic to solution #42
--- Discard drawing #198, isomorphic to solution #43
--- Discard drawing #199, isomorphic to solution #42
--- Discard drawing #200, isomorphic to solution #43
--- Discard drawing #201, isomorphic to solution #44
--- Discard drawing #202, isomorphic to solution #45
Drawing #51:
{ #vertices = 21, #edges = 40, #halfedges = 120, #crossings = 10
	0 : 1 10 9 19(x12-9) 
	1 : 0 14(x2-11) 2 10 
	2 : 1 11(x14-1x13-12) 3 10 
	3 : 2 16(x4-13) 4 10 
	4 : 3 13(x16-3x15-14) 5 10 
	5 : 4 18(x6-15) 6 10 
	6 : 5 15(x18-5x17-16) 7 10 
	7 : 6 20(x19-18x8-17) 8 10 
	8 : 7 17(x19-18x20-7) 9 10 
	9 : 8 12(x0-19) 0 10 
	10 : 0 1 2 3 4 5 6 7 8 9 
	11 : 20 2(x12-13x1-14) 12 
	12 : 11 13(x2-11) 9(x19-0) 
	13 : 12(x11-2) 4(x14-15x3-16) 14 
	14 : 13 15(x4-13) 1(x11-2) 
	15 : 14(x13-4) 6(x16-17x5-18) 16 
	16 : 15 17(x6-15) 3(x13-4) 
	17 : 16(x15-6) 8(x7-20x18-19) 18 
	18 : 17 19(x7-20x8-17) 5(x15-6) 
	19 : 0(x9-12) 18(x17-8x20-7) 20 
	20 : 19 7(x17-8x18-19) 11 
}

--- Discard drawing #203, isomorphic to solution #51
Drawing #52:
{ #vertices = 21, #edges = 40, #halfedges = 120, #crossings = 10
	0 : 1 10 9 19(x12-9x20-7) 
	1 : 0 14(x2-11) 2 10 
	2 : 1 11(x14-1x13-12) 3 10 
	3 : 2 16(x4-13) 4 10 
	4 : 3 13(x16-3x15-14) 5 10 
	5 : 4 18(x6-15) 6 10 
	6 : 5 15(x18-5x17-16) 7 10 
	7 : 6 20(x8-17x0-19) 8 10 
	8 : 7 17(x20-7x19-18) 9 10 
	9 : 8 12(x0-19) 0 10 
	10 : 0 1 2 3 4 5 6 7 8 9 
	11 : 20 2(x12-13x1-14) 12 
	12 : 11 13(x2-11) 9(x19-0) 
	13 : 12(x11-2) 4(x14-15x3-16) 14 
	14 : 13 15(x4-13) 1(x11-2) 
	15 : 14(x13-4) 6(x16-17x5-18) 16 
	16 : 15 17(x6-15) 3(x13-4) 
	17 : 16(x15-6) 8(x18-19x7-20) 18 
	18 : 17 19(x8-17) 5(x15-6) 
	19 : 0(x7-20x9-12) 18(x17-8) 20 
	20 : 19 11 7(x19-0x17-8) 
}

--- Discard drawing #204, isomorphic to solution #40
--- Discard drawing #205, isomorphic to solution #41
--- Discard drawing #206, isomorphic to solution #50
Drawing #53:
{ #vertices = 21, #edges = 40, #halfedges = 128, #crossings = 12
	0 : 1 10 9 19(x12-9x20-7) 
	1 : 0 14(x2-11x13-12) 2 10 
	2 : 1 11(x14-1) 3 10 
	3 : 2 16(x4-13x6-15) 4 10 
	4 : 3 13(x16-3) 5 10 
	5 : 4 18(x6-15x17-16) 6 10 
	6 : 5 15(x18-5x16-3) 7 10 
	7 : 6 20(x8-17x0-19) 8 10 
	8 : 7 17(x20-7x19-18) 9 10 
	9 : 8 12(x0-19x11-20) 0 10 
	10 : 0 1 2 3 4 5 6 7 8 9 
	11 : 20(x12-9) 12 2(x1-14) 
	12 : 11 9(x20-11x19-0) 13(x1-14) 
	13 : 12(x14-1) 14 4(x3-16) 
	14 : 13 1(x12-13x11-2) 15 
	15 : 14 16 6(x3-16x5-18) 
	16 : 15 17(x5-18x19-18) 3(x15-6x13-4) 
	17 : 16(x18-19x18-5) 18 8(x18-19x7-20) 
	18 : 17 19(x16-17x8-17) 5(x16-17x15-6) 
	19 : 0(x7-20x9-12) 18(x17-8x17-16) 20 
	20 : 19 11(x9-12) 7(x19-0x17-8) 
}

Drawing #54:
{ #vertices = 21, #edges = 40, #halfedges = 128, #crossings = 12
	0 : 1 10 9 19(x12-9x20-7) 
	1 : 0 14(x2-11x13-12) 2 10 
	2 : 1 11(x14-1x12-9) 3 10 
	3 : 2 16(x4-13x6-15) 4 10 
	4 : 3 13(x16-3) 5 10 
	5 : 4 18(x6-15x17-16) 6 10 
	6 : 5 15(x18-5x16-3) 7 10 
	7 : 6 20(x8-17x0-19) 8 10 
	8 : 7 17(x20-7x19-18) 9 10 
	9 : 8 12(x0-19x2-11) 0 10 
	10 : 0 1 2 3 4 5 6 7 8 9 
	11 : 20 12 2(x9-12x1-14) 
	12 : 11 13(x1-14) 9(x11-2x19-0) 
	13 : 12(x14-1) 14 4(x3-16) 
	14 : 13 1(x12-13x11-2) 15 
	15 : 14 16 6(x3-16x5-18) 
	16 : 15 17(x5-18x19-18) 3(x15-6x13-4) 
	17 : 16(x18-19x18-5) 18 8(x18-19x7-20) 
	18 : 17 19(x16-17x8-17) 5(x16-17x15-6) 
	19 : 0(x7-20x9-12) 18(x17-8x17-16) 20 
	20 : 19 11 7(x19-0x17-8) 
}

Drawing #55:
{ #vertices = 21, #edges = 40, #halfedges = 128, #crossings = 12
	0 : 1 10 9 19(x12-9x20-7) 
	1 : 0 14(x2-11x4-13) 2 10 
	2 : 1 11(x14-1) 3 10 
	3 : 2 16(x4-13x6-15) 4 10 
	4 : 3 13(x16-3x14-1) 5 10 
	5 : 4 18(x6-15x17-16) 6 10 
	6 : 5 15(x18-5x16-3) 7 10 
	7 : 6 20(x8-17x0-19) 8 10 
	8 : 7 17(x20-7x19-18) 9 10 
	9 : 8 12(x0-19x11-20) 0 10 
	10 : 0 1 2 3 4 5 6 7 8 9 
	11 : 20(x12-9) 12 2(x1-14) 
	12 : 11 9(x20-11x19-0) 13 
	13 : 12 14 4(x1-14x3-16) 
	14 : 13 15 1(x13-4x11-2) 
	15 : 14 16 6(x3-16x5-18) 
	16 : 15 17(x5-18x19-18) 3(x15-6x13-4) 
	17 : 16(x18-19x18-5) 18 8(x18-19x7-20) 
	18 : 17 19(x16-17x8-17) 5(x16-17x15-6) 
	19 : 0(x7-20x9-12) 18(x17-8x17-16) 20 
	20 : 19 11(x9-12) 7(x19-0x17-8) 
}

Drawing #56:
{ #vertices = 21, #edges = 40, #halfedges = 128, #crossings = 12
	0 : 1 10 9 19(x12-9x20-7) 
	1 : 0 14(x2-11x4-13) 2 10 
	2 : 1 11(x14-1x12-9) 3 10 
	3 : 2 16(x4-13x6-15) 4 10 
	4 : 3 13(x16-3x14-1) 5 10 
	5 : 4 18(x6-15x17-16) 6 10 
	6 : 5 15(x18-5x16-3) 7 10 
	7 : 6 20(x8-17x0-19) 8 10 
	8 : 7 17(x20-7x19-18) 9 10 
	9 : 8 12(x0-19x2-11) 0 10 
	10 : 0 1 2 3 4 5 6 7 8 9 
	11 : 20 12 2(x9-12x1-14) 
	12 : 11 13 9(x11-2x19-0) 
	13 : 12 14 4(x1-14x3-16) 
	14 : 13 15 1(x13-4x11-2) 
	15 : 14 16 6(x3-16x5-18) 
	16 : 15 17(x5-18x19-18) 3(x15-6x13-4) 
	17 : 16(x18-19x18-5) 18 8(x18-19x7-20) 
	18 : 17 19(x16-17x8-17) 5(x16-17x15-6) 
	19 : 0(x7-20x9-12) 18(x17-8x17-16) 20 
	20 : 19 11 7(x19-0x17-8) 
}

Drawing #57:
{ #vertices = 21, #edges = 40, #halfedges = 128, #crossings = 12
	0 : 1 10 9 19(x12-9x20-7) 
	1 : 0 14(x2-11) 2 10 
	2 : 1 11(x14-1) 3 10 
	3 : 2 16(x4-13x6-15) 4 10 
	4 : 3 13(x16-3x15-14) 5 10 
	5 : 4 18(x6-15x17-16) 6 10 
	6 : 5 15(x18-5x16-3) 7 10 
	7 : 6 20(x8-17x0-19) 8 10 
	8 : 7 17(x20-7x19-18) 9 10 
	9 : 8 12(x0-19x11-20) 0 10 
	10 : 0 1 2 3 4 5 6 7 8 9 
	11 : 20(x12-9) 12 2(x1-14) 
	12 : 11 9(x20-11x19-0) 13 
	13 : 12 4(x14-15x3-16) 14 
	14 : 13 15(x4-13) 1(x11-2) 
	15 : 14(x13-4) 16 6(x3-16x5-18) 
	16 : 15 17(x5-18x19-18) 3(x15-6x13-4) 
	17 : 16(x18-19x18-5) 18 8(x18-19x7-20) 
	18 : 17 19(x16-17x8-17) 5(x16-17x15-6) 
	19 : 0(x7-20x9-12) 18(x17-8x17-16) 20 
	20 : 19 11(x9-12) 7(x19-0x17-8) 
}

Drawing #58:
{ #vertices = 21, #edges = 40, #halfedges = 128, #crossings = 12
	0 : 1 10 9 19(x12-9x20-7) 
	1 : 0 14(x2-11) 2 10 
	2 : 1 11(x14-1x12-9) 3 10 
	3 : 2 16(x4-13x6-15) 4 10 
	4 : 3 13(x16-3x15-14) 5 10 
	5 : 4 18(x6-15x17-16) 6 10 
	6 : 5 15(x18-5x16-3) 7 10 
	7 : 6 20(x8-17x0-19) 8 10 
	8 : 7 17(x20-7x19-18) 9 10 
	9 : 8 12(x0-19x2-11) 0 10 
	10 : 0 1 2 3 4 5 6 7 8 9 
	11 : 20 12 2(x9-12x1-14) 
	12 : 11 13 9(x11-2x19-0) 
	13 : 12 4(x14-15x3-16) 14 
	14 : 13 15(x4-13) 1(x11-2) 
	15 : 14(x13-4) 16 6(x3-16x5-18) 
	16 : 15 17(x5-18x19-18) 3(x15-6x13-4) 
	17 : 16(x18-19x18-5) 18 8(x18-19x7-20) 
	18 : 17 19(x16-17x8-17) 5(x16-17x15-6) 
	19 : 0(x7-20x9-12) 18(x17-8x17-16) 20 
	20 : 19 11 7(x19-0x17-8) 
}

Drawing #59:
{ #vertices = 21, #edges = 40, #halfedges = 128, #crossings = 12
	0 : 1 10 9 19(x12-9x20-7) 
	1 : 0 14(x13-12x2-11) 2 10 
	2 : 1 11(x13-12x14-1) 3 10 
	3 : 2 16(x4-13x6-15) 4 10 
	4 : 3 13(x16-3) 5 10 
	5 : 4 18(x6-15x17-16) 6 10 
	6 : 5 15(x18-5x16-3) 7 10 
	7 : 6 20(x8-17x0-19) 8 10 
	8 : 7 17(x20-7x19-18) 9 10 
	9 : 8 12(x0-19) 0 10 
	10 : 0 1 2 3 4 5 6 7 8 9 
	11 : 20 2(x1-14x12-13) 12 
	12 : 11 13(x1-14x2-11) 9(x19-0) 
	13 : 12(x11-2x14-1) 14 4(x3-16) 
	14 : 13 1(x11-2x12-13) 15 
	15 : 14 16 6(x3-16x5-18) 
	16 : 15 17(x5-18x19-18) 3(x15-6x13-4) 
	17 : 16(x18-19x18-5) 18 8(x18-19x7-20) 
	18 : 17 19(x16-17x8-17) 5(x16-17x15-6) 
	19 : 0(x7-20x9-12) 18(x17-8x17-16) 20 
	20 : 19 11 7(x19-0x17-8) 
}

--- Discard drawing #207, isomorphic to solution #59
Drawing #60:
{ #vertices = 21, #edges = 40, #halfedges = 128, #crossings = 12
	0 : 1 10 9 19(x12-9x20-7) 
	1 : 0 14(x2-11x4-13) 2 10 
	2 : 1 11(x14-1x13-12) 3 10 
	3 : 2 16(x4-13x6-15) 4 10 
	4 : 3 13(x16-3x14-1) 5 10 
	5 : 4 18(x6-15x17-16) 6 10 
	6 : 5 15(x18-5x16-3) 7 10 
	7 : 6 20(x8-17x0-19) 8 10 
	8 : 7 17(x20-7x19-18) 9 10 
	9 : 8 12(x0-19) 0 10 
	10 : 0 1 2 3 4 5 6 7 8 9 
	11 : 20 2(x12-13x1-14) 12 
	12 : 11 13(x2-11) 9(x19-0) 
	13 : 12(x11-2) 14 4(x1-14x3-16) 
	14 : 13 15 1(x13-4x11-2) 
	15 : 14 16 6(x3-16x5-18) 
	16 : 15 17(x5-18x19-18) 3(x15-6x13-4) 
	17 : 16(x18-19x18-5) 18 8(x18-19x7-20) 
	18 : 17 19(x16-17x8-17) 5(x16-17x15-6) 
	19 : 0(x7-20x9-12) 18(x17-8x17-16) 20 
	20 : 19 11 7(x19-0x17-8) 
}

Drawing #61:
{ #vertices = 21, #edges = 40, #halfedges = 128, #crossings = 12
	0 : 1 10 9 19(x12-9x20-7) 
	1 : 0 14(x2-11) 2 10 
	2 : 1 11(x14-1x13-12) 3 10 
	3 : 2 16(x4-13x6-15) 4 10 
	4 : 3 13(x16-3x15-14) 5 10 
	5 : 4 18(x6-15x17-16) 6 10 
	6 : 5 15(x18-5x16-3) 7 10 
	7 : 6 20(x8-17x0-19) 8 10 
	8 : 7 17(x20-7x19-18) 9 10 
	9 : 8 12(x0-19) 0 10 
	10 : 0 1 2 3 4 5 6 7 8 9 
	11 : 20 2(x12-13x1-14) 12 
	12 : 11 13(x2-11) 9(x19-0) 
	13 : 12(x11-2) 4(x14-15x3-16) 14 
	14 : 13 15(x4-13) 1(x11-2) 
	15 : 14(x13-4) 16 6(x3-16x5-18) 
	16 : 15 17(x5-18x19-18) 3(x15-6x13-4) 
	17 : 16(x18-19x18-5) 18 8(x18-19x7-20) 
	18 : 17 19(x16-17x8-17) 5(x16-17x15-6) 
	19 : 0(x7-20x9-12) 18(x17-8x17-16) 20 
	20 : 19 11 7(x19-0x17-8) 
}

Drawing #62:
{ #vertices = 21, #edges = 40, #halfedges = 120, #crossings = 10
	0 : 1 10 9 19(x12-9) 
	1 : 0 14(x2-11x13-12) 2 10 
	2 : 1 11(x14-1x12-9) 3 10 
	3 : 2 16(x4-13x15-14) 4 10 
	4 : 3 13(x16-3) 5 10 
	5 : 4 18(x6-15x8-17) 6 10 
	6 : 5 15(x18-5) 7 10 
	7 : 6 20(x8-17) 8 10 
	8 : 7 17(x20-7x18-5) 9 10 
	9 : 8 12(x0-19x2-11) 0 10 
	10 : 0 1 2 3 4 5 6 7 8 9 
	11 : 20(x18-19) 12 2(x9-12x1-14) 
	12 : 11 13(x1-14) 9(x11-2x19-0) 
	13 : 12(x14-1) 14 4(x3-16) 
	14 : 13 1(x12-13x11-2) 15(x3-16) 
	15 : 14(x16-3) 16 6(x5-18) 
	16 : 15 3(x14-15x13-4) 17 
	17 : 16 18 8(x5-18x7-20) 
	18 : 17 19(x20-11) 5(x17-8x15-6) 
	19 : 0(x9-12) 20 18(x11-20) 
	20 : 19 7(x17-8) 11(x19-18) 
}

Drawing #63:
{ #vertices = 21, #edges = 40, #halfedges = 120, #crossings = 10
	0 : 1 10 9 19(x12-9) 
	1 : 0 14(x2-11x13-12) 2 10 
	2 : 1 11(x14-1x12-9) 3 10 
	3 : 2 16(x4-13x6-15) 4 10 
	4 : 3 13(x16-3) 5 10 
	5 : 4 18(x6-15x8-17) 6 10 
	6 : 5 15(x18-5x16-3) 7 10 
	7 : 6 20(x8-17) 8 10 
	8 : 7 17(x20-7x18-5) 9 10 
	9 : 8 12(x0-19x2-11) 0 10 
	10 : 0 1 2 3 4 5 6 7 8 9 
	11 : 20(x18-19) 12 2(x9-12x1-14) 
	12 : 11 13(x1-14) 9(x11-2x19-0) 
	13 : 12(x14-1) 14 4(x3-16) 
	14 : 13 1(x12-13x11-2) 15 
	15 : 14 16 6(x3-16x5-18) 
	16 : 15 17 3(x15-6x13-4) 
	17 : 16 18 8(x5-18x7-20) 
	18 : 17 19(x20-11) 5(x17-8x15-6) 
	19 : 0(x9-12) 20 18(x11-20) 
	20 : 19 7(x17-8) 11(x19-18) 
}

Drawing #64:
{ #vertices = 21, #edges = 40, #halfedges = 120, #crossings = 10
	0 : 1 10 9 19(x12-9) 
	1 : 0 14(x2-11x4-13) 2 10 
	2 : 1 11(x14-1x12-9) 3 10 
	3 : 2 16(x4-13x15-14) 4 10 
	4 : 3 13(x16-3x14-1) 5 10 
	5 : 4 18(x6-15x8-17) 6 10 
	6 : 5 15(x18-5) 7 10 
	7 : 6 20(x8-17) 8 10 
	8 : 7 17(x20-7x18-5) 9 10 
	9 : 8 12(x0-19x2-11) 0 10 
	10 : 0 1 2 3 4 5 6 7 8 9 
	11 : 20(x18-19) 12 2(x9-12x1-14) 
	12 : 11 13 9(x11-2x19-0) 
	13 : 12 14 4(x1-14x3-16) 
	14 : 13 15(x3-16) 1(x13-4x11-2) 
	15 : 14(x16-3) 16 6(x5-18) 
	16 : 15 3(x14-15x13-4) 17 
	17 : 16 18 8(x5-18x7-20) 
	18 : 17 19(x20-11) 5(x17-8x15-6) 
	19 : 0(x9-12) 20 18(x11-20) 
	20 : 19 7(x17-8) 11(x19-18) 
}

Drawing #65:
{ #vertices = 21, #edges = 40, #halfedges = 120, #crossings = 10
	0 : 1 10 9 19(x12-9) 
	1 : 0 14(x2-11x4-13) 2 10 
	2 : 1 11(x14-1x12-9) 3 10 
	3 : 2 16(x4-13x6-15) 4 10 
	4 : 3 13(x16-3x14-1) 5 10 
	5 : 4 18(x6-15x8-17) 6 10 
	6 : 5 15(x18-5x16-3) 7 10 
	7 : 6 20(x8-17) 8 10 
	8 : 7 17(x20-7x18-5) 9 10 
	9 : 8 12(x0-19x2-11) 0 10 
	10 : 0 1 2 3 4 5 6 7 8 9 
	11 : 20(x18-19) 12 2(x9-12x1-14) 
	12 : 11 13 9(x11-2x19-0) 
	13 : 12 14 4(x1-14x3-16) 
	14 : 13 15 1(x13-4x11-2) 
	15 : 14 16 6(x3-16x5-18) 
	16 : 15 17 3(x15-6x13-4) 
	17 : 16 18 8(x5-18x7-20) 
	18 : 17 19(x20-11) 5(x17-8x15-6) 
	19 : 0(x9-12) 20 18(x11-20) 
	20 : 19 7(x17-8) 11(x19-18) 
}

Drawing #66:
{ #vertices = 21, #edges = 40, #halfedges = 120, #crossings = 10
	0 : 1 10 9 19(x12-9) 
	1 : 0 14(x2-11x13-12) 2 10 
	2 : 1 11(x14-1x12-9) 3 10 
	3 : 2 16(x4-13) 4 10 
	4 : 3 13(x16-3) 5 10 
	5 : 4 18(x6-15x8-17) 6 10 
	6 : 5 15(x18-5x17-16) 7 10 
	7 : 6 20(x8-17) 8 10 
	8 : 7 17(x20-7x18-5) 9 10 
	9 : 8 12(x0-19x2-11) 0 10 
	10 : 0 1 2 3 4 5 6 7 8 9 
	11 : 20(x18-19) 12 2(x9-12x1-14) 
	12 : 11 13(x1-14) 9(x11-2x19-0) 
	13 : 12(x14-1) 14 4(x3-16) 
	14 : 13 1(x12-13x11-2) 15 
	15 : 14 6(x16-17x5-18) 16 
	16 : 15 17(x6-15) 3(x13-4) 
	17 : 16(x15-6) 18 8(x5-18x7-20) 
	18 : 17 19(x20-11) 5(x17-8x15-6) 
	19 : 0(x9-12) 20 18(x11-20) 
	20 : 19 7(x17-8) 11(x19-18) 
}

Drawing #67:
{ #vertices = 21, #edges = 40, #halfedges = 120, #crossings = 10
	0 : 1 10 9 19(x12-9) 
	1 : 0 14(x2-11x4-13) 2 10 
	2 : 1 11(x14-1x12-9) 3 10 
	3 : 2 16(x4-13) 4 10 
	4 : 3 13(x16-3x14-1) 5 10 
	5 : 4 18(x6-15x8-17) 6 10 
	6 : 5 15(x18-5x17-16) 7 10 
	7 : 6 20(x8-17) 8 10 
	8 : 7 17(x20-7x18-5) 9 10 
	9 : 8 12(x0-19x2-11) 0 10 
	10 : 0 1 2 3 4 5 6 7 8 9 
	11 : 20(x18-19) 12 2(x9-12x1-14) 
	12 : 11 13 9(x11-2x19-0) 
	13 : 12 14 4(x1-14x3-16) 
	14 : 13 15 1(x13-4x11-2) 
	15 : 14 6(x16-17x5-18) 16 
	16 : 15 17(x6-15) 3(x13-4) 
	17 : 16(x15-6) 18 8(x5-18x7-20) 
	18 : 17 19(x20-11) 5(x17-8x15-6) 
	19 : 0(x9-12) 20 18(x11-20) 
	20 : 19 7(x17-8) 11(x19-18) 
}

Drawing #68:
{ #vertices = 21, #edges = 40, #halfedges = 120, #crossings = 10
	0 : 1 10 9 19(x12-9) 
	1 : 0 14(x2-11) 2 10 
	2 : 1 11(x14-1x12-9) 3 10 
	3 : 2 16(x15-14x4-13) 4 10 
	4 : 3 13(x15-14x16-3) 5 10 
	5 : 4 18(x6-15x8-17) 6 10 
	6 : 5 15(x18-5) 7 10 
	7 : 6 20(x8-17) 8 10 
	8 : 7 17(x20-7x18-5) 9 10 
	9 : 8 12(x0-19x2-11) 0 10 
	10 : 0 1 2 3 4 5 6 7 8 9 
	11 : 20(x18-19) 12 2(x9-12x1-14) 
	12 : 11 13 9(x11-2x19-0) 
	13 : 12 4(x3-16x14-15) 14 
	14 : 13 15(x3-16x4-13) 1(x11-2) 
	15 : 14(x13-4x16-3) 16 6(x5-18) 
	16 : 15 3(x13-4x14-15) 17 
	17 : 16 18 8(x5-18x7-20) 
	18 : 17 19(x20-11) 5(x17-8x15-6) 
	19 : 0(x9-12) 20 18(x11-20) 
	20 : 19 7(x17-8) 11(x19-18) 
}

--- Discard drawing #208, isomorphic to solution #68
Drawing #69:
{ #vertices = 21, #edges = 40, #halfedges = 120, #crossings = 10
	0 : 1 10 9 19(x12-9) 
	1 : 0 14(x2-11) 2 10 
	2 : 1 11(x14-1x12-9) 3 10 
	3 : 2 16(x4-13x6-15) 4 10 
	4 : 3 13(x16-3x15-14) 5 10 
	5 : 4 18(x6-15x8-17) 6 10 
	6 : 5 15(x18-5x16-3) 7 10 
	7 : 6 20(x8-17) 8 10 
	8 : 7 17(x20-7x18-5) 9 10 
	9 : 8 12(x0-19x2-11) 0 10 
	10 : 0 1 2 3 4 5 6 7 8 9 
	11 : 20(x18-19) 12 2(x9-12x1-14) 
	12 : 11 13 9(x11-2x19-0) 
	13 : 12 4(x14-15x3-16) 14 
	14 : 13 15(x4-13) 1(x11-2) 
	15 : 14(x13-4) 16 6(x3-16x5-18) 
	16 : 15 17 3(x15-6x13-4) 
	17 : 16 18 8(x5-18x7-20) 
	18 : 17 19(x20-11) 5(x17-8x15-6) 
	19 : 0(x9-12) 20 18(x11-20) 
	20 : 19 7(x17-8) 11(x19-18) 
}

Drawing #70:
{ #vertices = 21, #edges = 40, #halfedges = 120, #crossings = 10
	0 : 1 10 9 19(x12-9x17-8) 
	1 : 0 14(x2-11x3-16) 2 10 
	2 : 1 11(x14-1x12-9) 3 10 
	3 : 2 16(x14-1x13-12) 4 10 
	4 : 3 13(x15-14) 5 10 
	5 : 4 18(x6-15) 6 10 
	6 : 5 15(x18-5) 7 10 
	7 : 6 20 8 10 
	8 : 7 17(x0-19x11-20) 9 10 
	9 : 8 12(x0-19x2-11) 0 10 
	10 : 0 1 2 3 4 5 6 7 8 9 
	11 : 20(x17-8x18-19) 12 2(x9-12x1-14) 
	12 : 11 13(x3-16) 9(x11-2x19-0) 
	13 : 12(x16-3) 4(x14-15) 14 
	14 : 13 15(x4-13) 1(x16-3x11-2) 
	15 : 14(x13-4) 16 6(x5-18) 
	16 : 15 3(x12-13x1-14) 17 
	17 : 16 8(x20-11x19-0) 18 
	18 : 17 19(x20-11) 5(x15-6) 
	19 : 0(x8-17x9-12) 20 18(x11-20) 
	20 : 19 7 11(x19-18x8-17) 
}

Drawing #71:
{ #vertices = 21, #edges = 40, #halfedges = 120, #crossings = 10
	0 : 1 10 9 19(x12-9) 
	1 : 0 14(x2-11) 2 10 
	2 : 1 11(x14-1x12-9) 3 10 
	3 : 2 16(x4-13) 4 10 
	4 : 3 13(x16-3x15-14) 5 10 
	5 : 4 18(x6-15x8-17) 6 10 
	6 : 5 15(x18-5x17-16) 7 10 
	7 : 6 20(x8-17) 8 10 
	8 : 7 17(x20-7x18-5) 9 10 
	9 : 8 12(x0-19x2-11) 0 10 
	10 : 0 1 2 3 4 5 6 7 8 9 
	11 : 20(x18-19) 12 2(x9-12x1-14) 
	12 : 11 13 9(x11-2x19-0) 
	13 : 12 4(x14-15x3-16) 14 
	14 : 13 15(x4-13) 1(x11-2) 
	15 : 14(x13-4) 6(x16-17x5-18) 16 
	16 : 15 17(x6-15) 3(x13-4) 
	17 : 16(x15-6) 18 8(x5-18x7-20) 
	18 : 17 19(x20-11) 5(x17-8x15-6) 
	19 : 0(x9-12) 20 18(x11-20) 
	20 : 19 7(x17-8) 11(x19-18) 
}

Drawing #72:
{ #vertices = 21, #edges = 40, #halfedges = 120, #crossings = 10
	0 : 1 10 9 19 
	1 : 0 14(x2-11) 2 10 
	2 : 1 11(x14-1) 3 10 
	3 : 2 16(x15-14) 4 10 
	4 : 3 13(x6-15x17-16) 5 10 
	5 : 4 18(x6-15x8-17) 6 10 
	6 : 5 15(x18-5x13-4) 7 10 
	7 : 6 20(x8-17x9-12) 8 10 
	8 : 7 17(x20-7x18-5) 9 10 
	9 : 8 12(x20-7x19-18) 0 10 
	10 : 0 1 2 3 4 5 6 7 8 9 
	11 : 20(x18-19) 12 2(x1-14) 
	12 : 11 9(x18-19x7-20) 13 
	13 : 12 4(x16-17x15-6) 14 
	14 : 13 15(x3-16) 1(x11-2) 
	15 : 14(x16-3) 16 6(x4-13x5-18) 
	16 : 15 3(x14-15) 17(x4-13) 
	17 : 16(x13-4) 18 8(x5-18x7-20) 
	18 : 17 19(x9-12x20-11) 5(x17-8x15-6) 
	19 : 0 20 18(x11-20x12-9) 
	20 : 19 7(x12-9x17-8) 11(x19-18) 
}

--- Discard drawing #209, isomorphic to solution #62
--- Discard drawing #210, isomorphic to solution #64
--- Discard drawing #211, isomorphic to solution #63
--- Discard drawing #212, isomorphic to solution #65
--- Discard drawing #213, isomorphic to solution #66
--- Discard drawing #214, isomorphic to solution #67
--- Discard drawing #215, isomorphic to solution #68
--- Discard drawing #216, isomorphic to solution #68
--- Discard drawing #217, isomorphic to solution #69
--- Discard drawing #218, isomorphic to solution #70
--- Discard drawing #219, isomorphic to solution #71
--- Discard drawing #220, isomorphic to solution #72
--- Discard drawing #221, isomorphic to solution #53
--- Discard drawing #222, isomorphic to solution #55
--- Discard drawing #223, isomorphic to solution #54
--- Discard drawing #224, isomorphic to solution #56
--- Discard drawing #225, isomorphic to solution #57
--- Discard drawing #226, isomorphic to solution #58
Drawing #73:
{ #vertices = 21, #edges = 40, #halfedges = 128, #crossings = 12
	0 : 1 10 9 19(x12-9) 
	1 : 0 14(x2-11x4-13) 2 10 
	2 : 1 11(x14-1x12-9) 3 10 
	3 : 2 16(x4-13x15-14) 4 10 
	4 : 3 13(x16-3x14-1) 5 10 
	5 : 4 18(x6-15x8-17) 6 10 
	6 : 5 15(x18-5x17-16) 7 10 
	7 : 6 20(x8-17) 8 10 
	8 : 7 17(x20-7x18-5) 9 10 
	9 : 8 12(x0-19x2-11) 0 10 
	10 : 0 1 2 3 4 5 6 7 8 9 
	11 : 20(x18-19) 12 2(x9-12x1-14) 
	12 : 11 13 9(x11-2x19-0) 
	13 : 12 14 4(x1-14x3-16) 
	14 : 13 15(x3-16x17-16) 1(x13-4x11-2) 
	15 : 14(x16-17x16-3) 16 6(x16-17x5-18) 
	16 : 15 17(x14-15x6-15) 3(x14-15x13-4) 
	17 : 16(x15-6x15-14) 18 8(x5-18x7-20) 
	18 : 17 19(x20-11) 5(x17-8x15-6) 
	19 : 0(x9-12) 20 18(x11-20) 
	20 : 19 7(x17-8) 11(x19-18) 
}

--- Discard drawing #227, isomorphic to solution #62
--- Discard drawing #228, isomorphic to solution #63
--- Discard drawing #229, isomorphic to solution #64
--- Discard drawing #230, isomorphic to solution #65
--- Discard drawing #231, isomorphic to solution #66
--- Discard drawing #232, isomorphic to solution #67
Drawing #74:
{ #vertices = 21, #edges = 40, #halfedges = 120, #crossings = 10
	0 : 1 10 9 19(x12-9) 
	1 : 0 14(x2-11x4-13) 2 10 
	2 : 1 11(x14-1x12-9) 3 10 
	3 : 2 16(x4-13) 4 10 
	4 : 3 13(x16-3x14-1) 5 10 
	5 : 4 18(x6-15x8-17) 6 10 
	6 : 5 15(x18-5) 7 10 
	7 : 6 20(x8-17) 8 10 
	8 : 7 17(x20-7x18-5) 9 10 
	9 : 8 12(x0-19x2-11) 0 10 
	10 : 0 1 2 3 4 5 6 7 8 9 
	11 : 20(x18-19) 12 2(x9-12x1-14) 
	12 : 11 13 9(x11-2x19-0) 
	13 : 12 14 4(x1-14x3-16) 
	14 : 13 15(x16-17) 1(x13-4x11-2) 
	15 : 14(x17-16) 6(x5-18) 16 
	16 : 15 3(x13-4) 17(x15-14) 
	17 : 16(x14-15) 18 8(x5-18x7-20) 
	18 : 17 19(x20-11) 5(x17-8x15-6) 
	19 : 0(x9-12) 20 18(x11-20) 
	20 : 19 7(x17-8) 11(x19-18) 
}

Drawing #75:
{ #vertices = 21, #edges = 40, #halfedges = 120, #crossings = 10
	0 : 1 10 9 19 
	1 : 0 14(x2-11) 2 10 
	2 : 1 11(x14-1) 3 10 
	3 : 2 16 4 10 
	4 : 3 13(x6-15x17-16) 5 10 
	5 : 4 18(x6-15x8-17) 6 10 
	6 : 5 15(x18-5x13-4) 7 10 
	7 : 6 20(x8-17x9-12) 8 10 
	8 : 7 17(x20-7x18-5) 9 10 
	9 : 8 12(x20-7x19-18) 0 10 
	10 : 0 1 2 3 4 5 6 7 8 9 
	11 : 20(x18-19) 12 2(x1-14) 
	12 : 11 9(x18-19x7-20) 13 
	13 : 12 4(x16-17x15-6) 14 
	14 : 13 15(x16-17) 1(x11-2) 
	15 : 14(x17-16) 6(x4-13x5-18) 16 
	16 : 15 3 17(x15-14x4-13) 
	17 : 16(x13-4x14-15) 18 8(x5-18x7-20) 
	18 : 17 19(x9-12x20-11) 5(x17-8x15-6) 
	19 : 0 20 18(x11-20x12-9) 
	20 : 19 7(x12-9x17-8) 11(x19-18) 
}

--- Discard drawing #233, isomorphic to solution #53
--- Discard drawing #234, isomorphic to solution #55
--- Discard drawing #235, isomorphic to solution #54
--- Discard drawing #236, isomorphic to solution #56
--- Discard drawing #237, isomorphic to solution #59
--- Discard drawing #238, isomorphic to solution #59
--- Discard drawing #239, isomorphic to solution #60
Drawing #76:
{ #vertices = 21, #edges = 40, #halfedges = 136, #crossings = 14
	0 : 1 10 9 19(x12-9x20-7) 
	1 : 0 14(x2-11x13-12) 2 10 
	2 : 1 11(x14-1x12-9) 3 10 
	3 : 2 16(x4-13x6-15) 4 10 
	4 : 3 13(x16-3x15-14) 5 10 
	5 : 4 18(x6-15x17-16) 6 10 
	6 : 5 15(x18-5x16-3) 7 10 
	7 : 6 20(x8-17x0-19) 8 10 
	8 : 7 17(x20-7x19-18) 9 10 
	9 : 8 12(x0-19x2-11) 0 10 
	10 : 0 1 2 3 4 5 6 7 8 9 
	11 : 20 12 2(x9-12x1-14) 
	12 : 11 13(x1-14x15-14) 9(x11-2x19-0) 
	13 : 12(x14-15x14-1) 14 4(x14-15x3-16) 
	14 : 13 15(x12-13x4-13) 1(x12-13x11-2) 
	15 : 14(x13-4x13-12) 16 6(x3-16x5-18) 
	16 : 15 17(x5-18x19-18) 3(x15-6x13-4) 
	17 : 16(x18-19x18-5) 18 8(x18-19x7-20) 
	18 : 17 19(x16-17x8-17) 5(x16-17x15-6) 
	19 : 0(x7-20x9-12) 18(x17-8x17-16) 20 
	20 : 19 11 7(x19-0x17-8) 
}

Drawing #77:
{ #vertices = 21, #edges = 40, #halfedges = 128, #crossings = 12
	0 : 1 10 9 19(x12-9) 
	1 : 0 14(x2-11x13-12) 2 10 
	2 : 1 11(x14-1x12-9) 3 10 
	3 : 2 16(x4-13x6-15) 4 10 
	4 : 3 13(x16-3x15-14) 5 10 
	5 : 4 18(x6-15x8-17) 6 10 
	6 : 5 15(x18-5x16-3) 7 10 
	7 : 6 20(x8-17) 8 10 
	8 : 7 17(x20-7x18-5) 9 10 
	9 : 8 12(x0-19x2-11) 0 10 
	10 : 0 1 2 3 4 5 6 7 8 9 
	11 : 20(x18-19) 12 2(x9-12x1-14) 
	12 : 11 13(x1-14x15-14) 9(x11-2x19-0) 
	13 : 12(x14-15x14-1) 14 4(x14-15x3-16) 
	14 : 13 15(x12-13x4-13) 1(x12-13x11-2) 
	15 : 14(x13-4x13-12) 16 6(x3-16x5-18) 
	16 : 15 17 3(x15-6x13-4) 
	17 : 16 18 8(x5-18x7-20) 
	18 : 17 19(x20-11) 5(x17-8x15-6) 
	19 : 0(x9-12) 20 18(x11-20) 
	20 : 19 7(x17-8) 11(x19-18) 
}

--- Discard drawing #240, isomorphic to solution #73
--- Discard drawing #241, isomorphic to solution #62
--- Discard drawing #242, isomorphic to solution #63
--- Discard drawing #243, isomorphic to solution #64
--- Discard drawing #244, isomorphic to solution #65
--- Discard drawing #245, isomorphic to solution #68
--- Discard drawing #246, isomorphic to solution #68
--- Discard drawing #247, isomorphic to solution #69
--- Discard drawing #248, isomorphic to solution #72
--- Discard drawing #249, isomorphic to solution #70
--- Discard drawing #250, isomorphic to solution #77
--- Discard drawing #251, isomorphic to solution #74
--- Discard drawing #252, isomorphic to solution #75
--- Discard drawing #253, isomorphic to solution #74
--- Discard drawing #254, isomorphic to solution #75
--- Discard drawing #255, isomorphic to solution #53
--- Discard drawing #256, isomorphic to solution #55
--- Discard drawing #257, isomorphic to solution #54
--- Discard drawing #258, isomorphic to solution #56
--- Discard drawing #259, isomorphic to solution #57
--- Discard drawing #260, isomorphic to solution #58
--- Discard drawing #261, isomorphic to solution #59
--- Discard drawing #262, isomorphic to solution #59
--- Discard drawing #263, isomorphic to solution #60
--- Discard drawing #264, isomorphic to solution #61
--- Discard drawing #265, isomorphic to solution #76
--- Discard drawing #266, isomorphic to solution #77
--- Discard drawing #267, isomorphic to solution #76
--- Discard drawing #268, isomorphic to solution #73
--- Discard drawing #269, isomorphic to solution #40
--- Discard drawing #270, isomorphic to solution #41
--- Discard drawing #271, isomorphic to solution #50
--- Discard drawing #272, isomorphic to solution #72
--- Discard drawing #273, isomorphic to solution #62
--- Discard drawing #274, isomorphic to solution #63
--- Discard drawing #275, isomorphic to solution #64
--- Discard drawing #276, isomorphic to solution #65
--- Discard drawing #277, isomorphic to solution #66
--- Discard drawing #278, isomorphic to solution #67
--- Discard drawing #279, isomorphic to solution #68
--- Discard drawing #280, isomorphic to solution #68
--- Discard drawing #281, isomorphic to solution #69
--- Discard drawing #282, isomorphic to solution #71
--- Discard drawing #283, isomorphic to solution #72
--- Discard drawing #284, isomorphic to solution #73
--- Discard drawing #285, isomorphic to solution #74
--- Discard drawing #286, isomorphic to solution #75
--- Discard drawing #287, isomorphic to solution #77
--- Discard drawing #288, isomorphic to solution #74
--- Discard drawing #289, isomorphic to solution #70
--- Discard drawing #290, isomorphic to solution #75
--- Discard drawing #291, isomorphic to solution #8
--- Discard drawing #292, isomorphic to solution #8
--- Discard drawing #293, isomorphic to solution #10
--- Discard drawing #294, isomorphic to solution #12
--- Discard drawing #295, isomorphic to solution #12
--- Discard drawing #296, isomorphic to solution #14
--- Discard drawing #297, isomorphic to solution #16
--- Discard drawing #298, isomorphic to solution #16
--- Discard drawing #299, isomorphic to solution #18
--- Discard drawing #300, isomorphic to solution #20
--- Discard drawing #301, isomorphic to solution #20
--- Discard drawing #302, isomorphic to solution #22
--- Discard drawing #303, isomorphic to solution #9
--- Discard drawing #304, isomorphic to solution #9
--- Discard drawing #305, isomorphic to solution #11
--- Discard drawing #306, isomorphic to solution #13
--- Discard drawing #307, isomorphic to solution #13
--- Discard drawing #308, isomorphic to solution #15
--- Discard drawing #309, isomorphic to solution #17
--- Discard drawing #310, isomorphic to solution #17
--- Discard drawing #311, isomorphic to solution #19
--- Discard drawing #312, isomorphic to solution #21
--- Discard drawing #313, isomorphic to solution #21
--- Discard drawing #314, isomorphic to solution #23
--- Discard drawing #315, isomorphic to solution #24
--- Discard drawing #316, isomorphic to solution #24
--- Discard drawing #317, isomorphic to solution #26
--- Discard drawing #318, isomorphic to solution #28
--- Discard drawing #319, isomorphic to solution #28
--- Discard drawing #320, isomorphic to solution #30
--- Discard drawing #321, isomorphic to solution #25
--- Discard drawing #322, isomorphic to solution #25
--- Discard drawing #323, isomorphic to solution #27
--- Discard drawing #324, isomorphic to solution #29
--- Discard drawing #325, isomorphic to solution #29
--- Discard drawing #326, isomorphic to solution #31
--- Discard drawing #327, isomorphic to solution #32
--- Discard drawing #328, isomorphic to solution #32
--- Discard drawing #329, isomorphic to solution #34
--- Discard drawing #330, isomorphic to solution #32
--- Discard drawing #331, isomorphic to solution #32
--- Discard drawing #332, isomorphic to solution #34
--- Discard drawing #333, isomorphic to solution #36
--- Discard drawing #334, isomorphic to solution #36
--- Discard drawing #335, isomorphic to solution #38
--- Discard drawing #336, isomorphic to solution #33
--- Discard drawing #337, isomorphic to solution #33
--- Discard drawing #338, isomorphic to solution #35
--- Discard drawing #339, isomorphic to solution #33
--- Discard drawing #340, isomorphic to solution #33
--- Discard drawing #341, isomorphic to solution #35
--- Discard drawing #342, isomorphic to solution #37
--- Discard drawing #343, isomorphic to solution #37
--- Discard drawing #344, isomorphic to solution #39
--- Discard drawing #345, isomorphic to solution #42
--- Discard drawing #346, isomorphic to solution #42
--- Discard drawing #347, isomorphic to solution #44
--- Discard drawing #348, isomorphic to solution #43
--- Discard drawing #349, isomorphic to solution #43
--- Discard drawing #350, isomorphic to solution #45
--- Discard drawing #351, isomorphic to solution #32
--- Discard drawing #352, isomorphic to solution #32
--- Discard drawing #353, isomorphic to solution #36
--- Discard drawing #354, isomorphic to solution #33
--- Discard drawing #355, isomorphic to solution #33
--- Discard drawing #356, isomorphic to solution #37
--- Discard drawing #357, isomorphic to solution #32
--- Discard drawing #358, isomorphic to solution #32
--- Discard drawing #359, isomorphic to solution #36
--- Discard drawing #360, isomorphic to solution #33
--- Discard drawing #361, isomorphic to solution #33
--- Discard drawing #362, isomorphic to solution #37
--- Discard drawing #363, isomorphic to solution #34
--- Discard drawing #364, isomorphic to solution #34
--- Discard drawing #365, isomorphic to solution #38
--- Discard drawing #366, isomorphic to solution #35
--- Discard drawing #367, isomorphic to solution #35
--- Discard drawing #368, isomorphic to solution #39
--- Discard drawing #369, isomorphic to solution #46
--- Discard drawing #370, isomorphic to solution #46
--- Discard drawing #371, isomorphic to solution #47
--- Discard drawing #372, isomorphic to solution #46
--- Discard drawing #373, isomorphic to solution #46
--- Discard drawing #374, isomorphic to solution #47
--- Discard drawing #375, isomorphic to solution #48
--- Discard drawing #376, isomorphic to solution #48
--- Discard drawing #377, isomorphic to solution #49
--- Discard drawing #378, isomorphic to solution #46
--- Discard drawing #379, isomorphic to solution #46
--- Discard drawing #380, isomorphic to solution #48
--- Discard drawing #381, isomorphic to solution #46
--- Discard drawing #382, isomorphic to solution #46
--- Discard drawing #383, isomorphic to solution #48
--- Discard drawing #384, isomorphic to solution #47
--- Discard drawing #385, isomorphic to solution #47
--- Discard drawing #386, isomorphic to solution #49
--- Discard drawing #387, isomorphic to solution #51
--- Discard drawing #388, isomorphic to solution #51
--- Discard drawing #389, isomorphic to solution #52
--- Discard drawing #390, isomorphic to solution #40
--- Discard drawing #391, isomorphic to solution #41
--- Discard drawing #392, isomorphic to solution #50
--- Discard drawing #393, isomorphic to solution #24
--- Discard drawing #394, isomorphic to solution #28
--- Discard drawing #395, isomorphic to solution #25
--- Discard drawing #396, isomorphic to solution #29
--- Discard drawing #397, isomorphic to solution #24
--- Discard drawing #398, isomorphic to solution #28
--- Discard drawing #399, isomorphic to solution #25
--- Discard drawing #400, isomorphic to solution #29
--- Discard drawing #401, isomorphic to solution #26
--- Discard drawing #402, isomorphic to solution #30
--- Discard drawing #403, isomorphic to solution #27
--- Discard drawing #404, isomorphic to solution #31
--- Discard drawing #405, isomorphic to solution #42
--- Discard drawing #406, isomorphic to solution #43
--- Discard drawing #407, isomorphic to solution #42
--- Discard drawing #408, isomorphic to solution #43
--- Discard drawing #409, isomorphic to solution #44
--- Discard drawing #410, isomorphic to solution #45
--- Discard drawing #411, isomorphic to solution #46
--- Discard drawing #412, isomorphic to solution #46
--- Discard drawing #413, isomorphic to solution #48
--- Discard drawing #414, isomorphic to solution #46
--- Discard drawing #415, isomorphic to solution #46
--- Discard drawing #416, isomorphic to solution #48
--- Discard drawing #417, isomorphic to solution #47
--- Discard drawing #418, isomorphic to solution #47
--- Discard drawing #419, isomorphic to solution #49
--- Discard drawing #420, isomorphic to solution #51
--- Discard drawing #421, isomorphic to solution #51
--- Discard drawing #422, isomorphic to solution #52
--- Discard drawing #423, isomorphic to solution #50
--- Discard drawing #424, isomorphic to solution #42
--- Discard drawing #425, isomorphic to solution #43
--- Discard drawing #426, isomorphic to solution #42
--- Discard drawing #427, isomorphic to solution #43
--- Discard drawing #428, isomorphic to solution #44
--- Discard drawing #429, isomorphic to solution #45
--- Discard drawing #430, isomorphic to solution #51
--- Discard drawing #431, isomorphic to solution #51
--- Discard drawing #432, isomorphic to solution #52
--- Discard drawing #433, isomorphic to solution #51
--- Discard drawing #434, isomorphic to solution #51
--- Discard drawing #435, isomorphic to solution #52
Drawing #78:
{ #vertices = 21, #edges = 40, #halfedges = 120, #crossings = 10
	0 : 1 10 9 19(x12-9x11-20) 
	1 : 0 14(x2-11) 2 10 
	2 : 1 11(x14-1x13-12) 3 10 
	3 : 2 16(x4-13) 4 10 
	4 : 3 13(x16-3x15-14) 5 10 
	5 : 4 18(x6-15) 6 10 
	6 : 5 15(x18-5x17-16) 7 10 
	7 : 6 20(x8-17) 8 10 
	8 : 7 17(x20-7x19-18) 9 10 
	9 : 8 12(x0-19) 0 10 
	10 : 0 1 2 3 4 5 6 7 8 9 
	11 : 20(x19-0) 2(x12-13x1-14) 12 
	12 : 11 13(x2-11) 9(x19-0) 
	13 : 12(x11-2) 4(x14-15x3-16) 14 
	14 : 13 15(x4-13) 1(x11-2) 
	15 : 14(x13-4) 6(x16-17x5-18) 16 
	16 : 15 17(x6-15) 3(x13-4) 
	17 : 16(x15-6) 8(x18-19x7-20) 18 
	18 : 17 19(x8-17) 5(x15-6) 
	19 : 0(x20-11x9-12) 20 18(x17-8) 
	20 : 19 11(x0-19) 7(x17-8) 
}

--- Discard drawing #436, isomorphic to solution #53
--- Discard drawing #437, isomorphic to solution #55
--- Discard drawing #438, isomorphic to solution #54
--- Discard drawing #439, isomorphic to solution #56
--- Discard drawing #440, isomorphic to solution #57
--- Discard drawing #441, isomorphic to solution #58
--- Discard drawing #442, isomorphic to solution #59
--- Discard drawing #443, isomorphic to solution #59
--- Discard drawing #444, isomorphic to solution #60
--- Discard drawing #445, isomorphic to solution #61
--- Discard drawing #446, isomorphic to solution #59
--- Discard drawing #447, isomorphic to solution #59
--- Discard drawing #448, isomorphic to solution #60
--- Discard drawing #449, isomorphic to solution #61
--- Discard drawing #450, isomorphic to solution #76
--- Discard drawing #451, isomorphic to solution #68
--- Discard drawing #452, isomorphic to solution #68
--- Discard drawing #453, isomorphic to solution #69
--- Discard drawing #454, isomorphic to solution #70
--- Discard drawing #455, isomorphic to solution #71
--- Discard drawing #456, isomorphic to solution #77
--- Discard drawing #457, isomorphic to solution #57
--- Discard drawing #458, isomorphic to solution #58
--- Discard drawing #459, isomorphic to solution #61
--- Discard drawing #460, isomorphic to solution #76
--- Discard drawing #461, isomorphic to solution #66
--- Discard drawing #462, isomorphic to solution #67
--- Discard drawing #463, isomorphic to solution #71
--- Discard drawing #464, isomorphic to solution #73
+++ Solution #0 has 78 proper children
*** found solution #0
*** Solution #0 can be completed with a constrained cycle.
=== Considering solution #1 (>= 77 more to go)
--- Discard drawing #465, isomorphic to solution #1
+++ Solution #1 has 0 proper children
--- Solution #1 cannot be completed with a constrained cycle.
=== Considering solution #2 (>= 76 more to go)
+++ Solution #2 has 0 proper children
--- Solution #2 cannot be completed with a constrained cycle.
=== Considering solution #3 (>= 75 more to go)
+++ Solution #3 has 0 proper children
--- Solution #3 cannot be completed with a constrained cycle.
=== Considering solution #4 (>= 74 more to go)
+++ Solution #4 has 0 proper children
--- Solution #4 cannot be completed with a constrained cycle.
=== Considering solution #5 (>= 73 more to go)
+++ Solution #5 has 0 proper children
--- Solution #5 cannot be completed with a constrained cycle.
=== Considering solution #6 (>= 72 more to go)
+++ Solution #6 has 0 proper children
--- Solution #6 cannot be completed with a constrained cycle.
=== Considering solution #7 (>= 71 more to go)
+++ Solution #7 has 0 proper children
--- Solution #7 cannot be completed with a constrained cycle.
=== Considering solution #8 (>= 70 more to go)
+++ Solution #8 has 0 proper children
--- Solution #8 cannot be completed with a constrained cycle.
=== Considering solution #9 (>= 69 more to go)
+++ Solution #9 has 0 proper children
--- Solution #9 cannot be completed with a constrained cycle.
=== Considering solution #10 (>= 68 more to go)
+++ Solution #10 has 0 proper children
--- Solution #10 cannot be completed with a constrained cycle.
=== Considering solution #11 (>= 67 more to go)
+++ Solution #11 has 0 proper children
--- Solution #11 cannot be completed with a constrained cycle.
=== Considering solution #12 (>= 66 more to go)
+++ Solution #12 has 0 proper children
--- Solution #12 cannot be completed with a constrained cycle.
=== Considering solution #13 (>= 65 more to go)
+++ Solution #13 has 0 proper children
--- Solution #13 cannot be completed with a constrained cycle.
=== Considering solution #14 (>= 64 more to go)
+++ Solution #14 has 0 proper children
--- Solution #14 cannot be completed with a constrained cycle.
=== Considering solution #15 (>= 63 more to go)
+++ Solution #15 has 0 proper children
--- Solution #15 cannot be completed with a constrained cycle.
=== Considering solution #16 (>= 62 more to go)
+++ Solution #16 has 0 proper children
--- Solution #16 cannot be completed with a constrained cycle.
=== Considering solution #17 (>= 61 more to go)
+++ Solution #17 has 0 proper children
--- Solution #17 cannot be completed with a constrained cycle.
=== Considering solution #18 (>= 60 more to go)
+++ Solution #18 has 0 proper children
--- Solution #18 cannot be completed with a constrained cycle.
=== Considering solution #19 (>= 59 more to go)
+++ Solution #19 has 0 proper children
--- Solution #19 cannot be completed with a constrained cycle.
=== Considering solution #20 (>= 58 more to go)
+++ Solution #20 has 0 proper children
--- Solution #20 cannot be completed with a constrained cycle.
=== Considering solution #21 (>= 57 more to go)
+++ Solution #21 has 0 proper children
--- Solution #21 cannot be completed with a constrained cycle.
=== Considering solution #22 (>= 56 more to go)
+++ Solution #22 has 0 proper children
--- Solution #22 cannot be completed with a constrained cycle.
=== Considering solution #23 (>= 55 more to go)
+++ Solution #23 has 0 proper children
--- Solution #23 cannot be completed with a constrained cycle.
=== Considering solution #24 (>= 54 more to go)
+++ Solution #24 has 0 proper children
--- Solution #24 cannot be completed with a constrained cycle.
=== Considering solution #25 (>= 53 more to go)
+++ Solution #25 has 0 proper children
--- Solution #25 cannot be completed with a constrained cycle.
=== Considering solution #26 (>= 52 more to go)
+++ Solution #26 has 0 proper children
--- Solution #26 cannot be completed with a constrained cycle.
=== Considering solution #27 (>= 51 more to go)
+++ Solution #27 has 0 proper children
--- Solution #27 cannot be completed with a constrained cycle.
=== Considering solution #28 (>= 50 more to go)
+++ Solution #28 has 0 proper children
--- Solution #28 cannot be completed with a constrained cycle.
=== Considering solution #29 (>= 49 more to go)
+++ Solution #29 has 0 proper children
--- Solution #29 cannot be completed with a constrained cycle.
=== Considering solution #30 (>= 48 more to go)
+++ Solution #30 has 0 proper children
--- Solution #30 cannot be completed with a constrained cycle.
=== Considering solution #31 (>= 47 more to go)
+++ Solution #31 has 0 proper children
--- Solution #31 cannot be completed with a constrained cycle.
=== Considering solution #32 (>= 46 more to go)
+++ Solution #32 has 0 proper children
--- Solution #32 cannot be completed with a constrained cycle.
=== Considering solution #33 (>= 45 more to go)
+++ Solution #33 has 0 proper children
--- Solution #33 cannot be completed with a constrained cycle.
=== Considering solution #34 (>= 44 more to go)
+++ Solution #34 has 0 proper children
--- Solution #34 cannot be completed with a constrained cycle.
=== Considering solution #35 (>= 43 more to go)
+++ Solution #35 has 0 proper children
--- Solution #35 cannot be completed with a constrained cycle.
=== Considering solution #36 (>= 42 more to go)
+++ Solution #36 has 0 proper children
--- Solution #36 cannot be completed with a constrained cycle.
=== Considering solution #37 (>= 41 more to go)
+++ Solution #37 has 0 proper children
--- Solution #37 cannot be completed with a constrained cycle.
=== Considering solution #38 (>= 40 more to go)
+++ Solution #38 has 0 proper children
--- Solution #38 cannot be completed with a constrained cycle.
=== Considering solution #39 (>= 39 more to go)
+++ Solution #39 has 0 proper children
--- Solution #39 cannot be completed with a constrained cycle.
=== Considering solution #40 (>= 38 more to go)
+++ Solution #40 has 0 proper children
--- Solution #40 cannot be completed with a constrained cycle.
=== Considering solution #41 (>= 37 more to go)
+++ Solution #41 has 0 proper children
--- Solution #41 cannot be completed with a constrained cycle.
=== Considering solution #42 (>= 36 more to go)
+++ Solution #42 has 0 proper children
--- Solution #42 cannot be completed with a constrained cycle.
=== Considering solution #43 (>= 35 more to go)
+++ Solution #43 has 0 proper children
--- Solution #43 cannot be completed with a constrained cycle.
=== Considering solution #44 (>= 34 more to go)
+++ Solution #44 has 0 proper children
--- Solution #44 cannot be completed with a constrained cycle.
=== Considering solution #45 (>= 33 more to go)
+++ Solution #45 has 0 proper children
--- Solution #45 cannot be completed with a constrained cycle.
=== Considering solution #46 (>= 32 more to go)
+++ Solution #46 has 0 proper children
--- Solution #46 cannot be completed with a constrained cycle.
=== Considering solution #47 (>= 31 more to go)
+++ Solution #47 has 0 proper children
--- Solution #47 cannot be completed with a constrained cycle.
=== Considering solution #48 (>= 30 more to go)
+++ Solution #48 has 0 proper children
--- Solution #48 cannot be completed with a constrained cycle.
=== Considering solution #49 (>= 29 more to go)
+++ Solution #49 has 0 proper children
--- Solution #49 cannot be completed with a constrained cycle.
=== Considering solution #50 (>= 28 more to go)
+++ Solution #50 has 0 proper children
--- Solution #50 cannot be completed with a constrained cycle.
=== Considering solution #51 (>= 27 more to go)
+++ Solution #51 has 0 proper children
--- Solution #51 cannot be completed with a constrained cycle.
=== Considering solution #52 (>= 26 more to go)
+++ Solution #52 has 0 proper children
--- Solution #52 cannot be completed with a constrained cycle.
=== Considering solution #53 (>= 25 more to go)
+++ Solution #53 has 0 proper children
--- Solution #53 cannot be completed with a constrained cycle.
=== Considering solution #54 (>= 24 more to go)
+++ Solution #54 has 0 proper children
--- Solution #54 cannot be completed with a constrained cycle.
=== Considering solution #55 (>= 23 more to go)
+++ Solution #55 has 0 proper children
--- Solution #55 cannot be completed with a constrained cycle.
=== Considering solution #56 (>= 22 more to go)
Drawing #79:
{ #vertices = 21, #edges = 40, #halfedges = 124, #crossings = 11
	0 : 1 10 9 19(x12-9x17-8) 
	1 : 0 14(x2-11x3-16) 2 10 
	2 : 1 11(x14-1x12-9) 3 10 
	3 : 2 16(x14-1x13-12) 4 10 
	4 : 3 13(x15-14) 5 10 
	5 : 4 18(x6-15) 7 10 
	6 : 8 10 7 15(x20-7x18-5) 
	7 : 6 10 5 20(x6-15x19-18) 
	8 : 9 10 6 17(x0-19x11-20) 
	9 : 0 10 8 12(x0-19x2-11) 
	10 : 0 1 2 3 4 5 7 6 8 9 
	11 : 20(x17-8) 12 2(x9-12x1-14) 
	12 : 11 13(x3-16) 9(x11-2x19-0) 
	13 : 12(x16-3) 4(x14-15) 14 
	14 : 13 15(x4-13) 1(x16-3x11-2) 
	15 : 14(x13-4) 16 6(x5-18x7-20) 
	16 : 15 3(x12-13x1-14) 17 
	17 : 16 8(x20-11x19-0) 18 
	18 : 17 19(x7-20) 5(x15-6) 
	19 : 0(x8-17x9-12) 18(x20-7) 20 
	20 : 19 7(x18-19x15-6) 11(x8-17) 
}

Drawing #80:
{ #vertices = 21, #edges = 40, #halfedges = 124, #crossings = 11
	0 : 1 10 9 19(x12-9x17-8) 
	1 : 0 14(x2-11x3-16) 2 10 
	2 : 1 11(x14-1x13-12) 3 10 
	3 : 2 16(x14-1x13-12) 4 10 
	4 : 3 13(x15-14) 5 10 
	5 : 4 18(x6-15) 7 10 
	6 : 8 10 7 15(x20-7x18-5) 
	7 : 6 10 5 20(x6-15x19-18) 
	8 : 9 10 6 17(x0-19x11-20) 
	9 : 0 10 8 12(x0-19) 
	10 : 0 1 2 3 4 5 7 6 8 9 
	11 : 20(x17-8) 2(x12-13x1-14) 12 
	12 : 11 13(x2-11x3-16) 9(x19-0) 
	13 : 12(x16-3x11-2) 4(x14-15) 14 
	14 : 13 15(x4-13) 1(x16-3x11-2) 
	15 : 14(x13-4) 16 6(x5-18x7-20) 
	16 : 15 3(x12-13x1-14) 17 
	17 : 16 8(x20-11x19-0) 18 
	18 : 17 19(x7-20) 5(x15-6) 
	19 : 0(x8-17x9-12) 18(x20-7) 20 
	20 : 19 7(x18-19x15-6) 11(x8-17) 
}

--- Discard drawing #466, isomorphic to solution #62
--- Discard drawing #467, isomorphic to solution #64
--- Discard drawing #468, isomorphic to solution #68
--- Discard drawing #469, isomorphic to solution #68
Drawing #81:
{ #vertices = 21, #edges = 40, #halfedges = 124, #crossings = 11
	0 : 1 10 9 19(x12-9x17-8) 
	1 : 0 14(x2-11x3-16) 2 10 
	2 : 1 11(x14-1x12-9) 3 10 
	3 : 2 16(x14-1x13-12) 4 10 
	4 : 3 13(x15-14) 5 10 
	5 : 4 18(x6-15) 7 10 
	6 : 8 10 7 15(x20-7x18-5) 
	7 : 6 10 5 20(x6-15) 
	8 : 9 10 6 17(x0-19x11-20) 
	9 : 0 10 8 12(x0-19x2-11) 
	10 : 0 1 2 3 4 5 7 6 8 9 
	11 : 20(x17-8x18-19) 12 2(x9-12x1-14) 
	12 : 11 13(x3-16) 9(x11-2x19-0) 
	13 : 12(x16-3) 4(x14-15) 14 
	14 : 13 15(x4-13) 1(x16-3x11-2) 
	15 : 14(x13-4) 16 6(x5-18x7-20) 
	16 : 15 3(x12-13x1-14) 17 
	17 : 16 8(x20-11x19-0) 18 
	18 : 17 19(x20-11) 5(x15-6) 
	19 : 0(x8-17x9-12) 20 18(x11-20) 
	20 : 19 7(x15-6) 11(x19-18x8-17) 
}

--- Discard drawing #470, isomorphic to solution #74
Drawing #82:
{ #vertices = 21, #edges = 40, #halfedges = 124, #crossings = 11
	0 : 1 10 9 19(x2-11x13-12) 
	1 : 0 14(x2-11x13-12) 2 10 
	2 : 1 11(x14-1x19-0) 3 10 
	3 : 2 16(x4-13x5-18) 4 10 
	4 : 3 13(x16-3) 5 10 
	5 : 4 18(x16-3x15-14) 7 10 
	6 : 8 10 7 15(x20-7x17-16) 
	7 : 6 10 5 20(x6-15x8-17) 
	8 : 9 10 6 17(x20-7) 
	9 : 0 10 8 12(x11-20) 
	10 : 0 1 2 3 4 5 7 6 8 9 
	11 : 20(x12-9) 12 2(x0-19x1-14) 
	12 : 11 9(x20-11) 13(x0-19x1-14) 
	13 : 12(x14-1x19-0) 14 4(x3-16) 
	14 : 13 1(x12-13x11-2) 15(x5-18) 
	15 : 14(x18-5) 6(x16-17x7-20) 16 
	16 : 15 17(x6-15) 3(x18-5x13-4) 
	17 : 16(x15-6) 18 8(x7-20) 
	18 : 17 5(x14-15x3-16) 19 
	19 : 0(x12-13x11-2) 20 18 
	20 : 19 11(x9-12) 7(x17-8x15-6) 
}

Drawing #83:
{ #vertices = 21, #edges = 40, #halfedges = 124, #crossings = 11
	0 : 1 10 9 19(x2-11x13-12) 
	1 : 0 14(x2-11x4-13) 2 10 
	2 : 1 11(x14-1x19-0) 3 10 
	3 : 2 16(x4-13x5-18) 4 10 
	4 : 3 13(x16-3x14-1) 5 10 
	5 : 4 18(x16-3x15-14) 7 10 
	6 : 8 10 7 15(x20-7x17-16) 
	7 : 6 10 5 20(x6-15x8-17) 
	8 : 9 10 6 17(x20-7) 
	9 : 0 10 8 12(x11-20) 
	10 : 0 1 2 3 4 5 7 6 8 9 
	11 : 20(x12-9) 12 2(x0-19x1-14) 
	12 : 11 9(x20-11) 13(x0-19) 
	13 : 12(x19-0) 14 4(x1-14x3-16) 
	14 : 13 15(x5-18) 1(x13-4x11-2) 
	15 : 14(x18-5) 6(x16-17x7-20) 16 
	16 : 15 17(x6-15) 3(x18-5x13-4) 
	17 : 16(x15-6) 18 8(x7-20) 
	18 : 17 5(x14-15x3-16) 19 
	19 : 0(x12-13x11-2) 20 18 
	20 : 19 11(x9-12) 7(x17-8x15-6) 
}

Drawing #84:
{ #vertices = 21, #edges = 40, #halfedges = 124, #crossings = 11
	0 : 1 10 9 19(x2-11x13-12) 
	1 : 0 14(x2-11x4-13) 2 10 
	2 : 1 11(x14-1x19-0) 3 10 
	3 : 2 16(x4-13x5-18) 4 10 
	4 : 3 13(x16-3x14-1) 5 10 
	5 : 4 18(x16-3x15-14) 7 10 
	6 : 8 10 7 15(x20-7) 
	7 : 6 10 5 20(x6-15x8-17) 
	8 : 9 10 6 17(x20-7) 
	9 : 0 10 8 12(x11-20) 
	10 : 0 1 2 3 4 5 7 6 8 9 
	11 : 20(x12-9) 12 2(x0-19x1-14) 
	12 : 11 9(x20-11) 13(x0-19) 
	13 : 12(x19-0) 14 4(x1-14x3-16) 
	14 : 13 15(x5-18x16-17) 1(x13-4x11-2) 
	15 : 14(x17-16x18-5) 6(x7-20) 16 
	16 : 15 3(x18-5x13-4) 17(x15-14) 
	17 : 16(x14-15) 18 8(x7-20) 
	18 : 17 5(x14-15x3-16) 19 
	19 : 0(x12-13x11-2) 20 18 
	20 : 19 11(x9-12) 7(x17-8x15-6) 
}

--- Discard drawing #471, isomorphic to solution #8
--- Discard drawing #472, isomorphic to solution #8
--- Discard drawing #473, isomorphic to solution #10
--- Discard drawing #474, isomorphic to solution #12
--- Discard drawing #475, isomorphic to solution #12
--- Discard drawing #476, isomorphic to solution #14
--- Discard drawing #477, isomorphic to solution #9
--- Discard drawing #478, isomorphic to solution #9
--- Discard drawing #479, isomorphic to solution #11
--- Discard drawing #480, isomorphic to solution #13
--- Discard drawing #481, isomorphic to solution #13
--- Discard drawing #482, isomorphic to solution #15
--- Discard drawing #483, isomorphic to solution #24
--- Discard drawing #484, isomorphic to solution #24
--- Discard drawing #485, isomorphic to solution #26
--- Discard drawing #486, isomorphic to solution #25
--- Discard drawing #487, isomorphic to solution #25
--- Discard drawing #488, isomorphic to solution #27
--- Discard drawing #489, isomorphic to solution #32
--- Discard drawing #490, isomorphic to solution #32
--- Discard drawing #491, isomorphic to solution #36
--- Discard drawing #492, isomorphic to solution #33
--- Discard drawing #493, isomorphic to solution #33
--- Discard drawing #494, isomorphic to solution #37
--- Discard drawing #495, isomorphic to solution #32
--- Discard drawing #496, isomorphic to solution #32
--- Discard drawing #497, isomorphic to solution #36
--- Discard drawing #498, isomorphic to solution #33
--- Discard drawing #499, isomorphic to solution #33
--- Discard drawing #500, isomorphic to solution #37
--- Discard drawing #501, isomorphic to solution #46
--- Discard drawing #502, isomorphic to solution #46
--- Discard drawing #503, isomorphic to solution #47
--- Discard drawing #504, isomorphic to solution #46
--- Discard drawing #505, isomorphic to solution #46
--- Discard drawing #506, isomorphic to solution #47
--- Discard drawing #507, isomorphic to solution #24
--- Discard drawing #508, isomorphic to solution #28
--- Discard drawing #509, isomorphic to solution #24
--- Discard drawing #510, isomorphic to solution #28
--- Discard drawing #511, isomorphic to solution #26
--- Discard drawing #512, isomorphic to solution #30
--- Discard drawing #513, isomorphic to solution #42
--- Discard drawing #514, isomorphic to solution #42
--- Discard drawing #515, isomorphic to solution #44
--- Discard drawing #516, isomorphic to solution #42
--- Discard drawing #517, isomorphic to solution #43
--- Discard drawing #518, isomorphic to solution #42
--- Discard drawing #519, isomorphic to solution #43
--- Discard drawing #520, isomorphic to solution #51
--- Discard drawing #521, isomorphic to solution #51
--- Discard drawing #522, isomorphic to solution #68
--- Discard drawing #523, isomorphic to solution #68
--- Discard drawing #524, isomorphic to solution #69
--- Discard drawing #525, isomorphic to solution #71
+++ Solution #56 has 6 proper children
--- Solution #56 cannot be completed with a constrained cycle.
=== Considering solution #57 (>= 27 more to go)
+++ Solution #57 has 0 proper children
--- Solution #57 cannot be completed with a constrained cycle.
=== Considering solution #58 (>= 26 more to go)
+++ Solution #58 has 0 proper children
--- Solution #58 cannot be completed with a constrained cycle.
=== Considering solution #59 (>= 25 more to go)
+++ Solution #59 has 0 proper children
--- Solution #59 cannot be completed with a constrained cycle.
=== Considering solution #60 (>= 24 more to go)
+++ Solution #60 has 0 proper children
--- Solution #60 cannot be completed with a constrained cycle.
=== Considering solution #61 (>= 23 more to go)
+++ Solution #61 has 0 proper children
--- Solution #61 cannot be completed with a constrained cycle.
=== Considering solution #62 (>= 22 more to go)
+++ Solution #62 has 0 proper children
--- Solution #62 cannot be completed with a constrained cycle.
=== Considering solution #63 (>= 21 more to go)
+++ Solution #63 has 0 proper children
--- Solution #63 cannot be completed with a constrained cycle.
=== Considering solution #64 (>= 20 more to go)
+++ Solution #64 has 0 proper children
--- Solution #64 cannot be completed with a constrained cycle.
=== Considering solution #65 (>= 19 more to go)
+++ Solution #65 has 0 proper children
--- Solution #65 cannot be completed with a constrained cycle.
=== Considering solution #66 (>= 18 more to go)
+++ Solution #66 has 0 proper children
--- Solution #66 cannot be completed with a constrained cycle.
=== Considering solution #67 (>= 17 more to go)
+++ Solution #67 has 0 proper children
--- Solution #67 cannot be completed with a constrained cycle.
=== Considering solution #68 (>= 16 more to go)
+++ Solution #68 has 0 proper children
--- Solution #68 cannot be completed with a constrained cycle.
=== Considering solution #69 (>= 15 more to go)
+++ Solution #69 has 0 proper children
--- Solution #69 cannot be completed with a constrained cycle.
=== Considering solution #70 (>= 14 more to go)
+++ Solution #70 has 0 proper children
--- Solution #70 cannot be completed with a constrained cycle.
=== Considering solution #71 (>= 13 more to go)
+++ Solution #71 has 0 proper children
--- Solution #71 cannot be completed with a constrained cycle.
=== Considering solution #72 (>= 12 more to go)
+++ Solution #72 has 0 proper children
--- Solution #72 cannot be completed with a constrained cycle.
=== Considering solution #73 (>= 11 more to go)
+++ Solution #73 has 0 proper children
--- Solution #73 cannot be completed with a constrained cycle.
=== Considering solution #74 (>= 10 more to go)
+++ Solution #74 has 0 proper children
--- Solution #74 cannot be completed with a constrained cycle.
=== Considering solution #75 (>= 9 more to go)
+++ Solution #75 has 0 proper children
--- Solution #75 cannot be completed with a constrained cycle.
=== Considering solution #76 (>= 8 more to go)
Drawing #85:
{ #vertices = 21, #edges = 40, #halfedges = 128, #crossings = 12
	0 : 1 10 9 19(x11-20x12-9) 
	1 : 0 14(x2-11x4-13) 3 10 
	2 : 3 11(x16-3x14-1) 4 10 
	3 : 1 16(x2-11x4-13) 2 10 
	4 : 2 13(x16-3x14-1) 5 10 
	5 : 4 18(x6-15x8-17) 7 10 
	6 : 8 10 7 15(x20-7x18-5) 
	7 : 6 10 5 20(x6-15x8-17) 
	8 : 9 10 6 17(x20-7x18-5) 
	9 : 0 10 8 12(x11-20x0-19) 
	10 : 0 1 3 2 4 5 7 6 8 9 
	11 : 20(x19-0x12-9) 12 2(x1-14x3-16) 
	12 : 11 9(x19-0x20-11) 13 
	13 : 12 14 4(x1-14x3-16) 
	14 : 13 15(x16-17) 1(x13-4x11-2) 
	15 : 14(x17-16) 6(x5-18x7-20) 16 
	16 : 15 3(x13-4x11-2) 17(x15-14) 
	17 : 16(x14-15) 18 8(x5-18x7-20) 
	18 : 17 19 5(x17-8x15-6) 
	19 : 0(x9-12x20-11) 20 18 
	20 : 19 11(x9-12x0-19) 7(x17-8x15-6) 
}

--- Discard drawing #526, isomorphic to solution #85
+++ Solution #76 has 1 proper children
--- Solution #76 cannot be completed with a constrained cycle.
=== Considering solution #77 (>= 8 more to go)
+++ Solution #77 has 0 proper children
--- Solution #77 cannot be completed with a constrained cycle.
=== Considering solution #78 (>= 7 more to go)
--- Discard drawing #527, isomorphic to solution #78
+++ Solution #78 has 0 proper children
--- Solution #78 cannot be completed with a constrained cycle.
=== Considering solution #79 (>= 6 more to go)
+++ Solution #79 has 0 proper children
--- Solution #79 cannot be completed with a constrained cycle.
=== Considering solution #80 (>= 5 more to go)
+++ Solution #80 has 0 proper children
--- Solution #80 cannot be completed with a constrained cycle.
=== Considering solution #81 (>= 4 more to go)
+++ Solution #81 has 0 proper children
--- Solution #81 cannot be completed with a constrained cycle.
=== Considering solution #82 (>= 3 more to go)
+++ Solution #82 has 0 proper children
--- Solution #82 cannot be completed with a constrained cycle.
=== Considering solution #83 (>= 2 more to go)
+++ Solution #83 has 0 proper children
--- Solution #83 cannot be completed with a constrained cycle.
=== Considering solution #84 (>= 1 more to go)
+++ Solution #84 has 0 proper children
--- Solution #84 cannot be completed with a constrained cycle.
=== Considering solution #85 (>= 0 more to go)
+++ Solution #85 has 0 proper children
--- Solution #85 cannot be completed with a constrained cycle.
Found 86 drawings in total.
